{"C:\\Users\\muxammadali.ergashev\\Documents\\Projects\\manufacture management system\\src\\bot\\handlers\\notificationHandler.ts": {"path":"C:\\Users\\muxammadali.ergashev\\Documents\\Projects\\manufacture management system\\src\\bot\\handlers\\notificationHandler.ts","statementMap":{"0":{"start":{"line":2,"column":0},"end":{"line":2,"column":46}},"1":{"start":{"line":3,"column":0},"end":{"line":3,"column":40}},"2":{"start":{"line":5,"column":15},"end":{"line":5,"column":33}},"3":{"start":{"line":8,"column":33},"end":{"line":62,"column":1}},"4":{"start":{"line":13,"column":2},"end":{"line":61,"column":3}},"5":{"start":{"line":14,"column":26},"end":{"line":20,"column":6}},"6":{"start":{"line":22,"column":4},"end":{"line":25,"column":5}},"7":{"start":{"line":23,"column":6},"end":{"line":23,"column":68}},"8":{"start":{"line":24,"column":6},"end":{"line":24,"column":13}},"9":{"start":{"line":27,"column":24},"end":{"line":27,"column":69}},"10":{"start":{"line":27,"column":52},"end":{"line":27,"column":61}},"11":{"start":{"line":29,"column":18},"end":{"line":29,"column":71}},"12":{"start":{"line":31,"column":49},"end":{"line":36,"column":6}},"13":{"start":{"line":38,"column":4},"end":{"line":45,"column":7}},"14":{"start":{"line":39,"column":20},"end":{"line":39,"column":49}},"15":{"start":{"line":40,"column":25},"end":{"line":40,"column":50}},"16":{"start":{"line":42,"column":6},"end":{"line":42,"column":72}},"17":{"start":{"line":43,"column":6},"end":{"line":43,"column":41}},"18":{"start":{"line":44,"column":6},"end":{"line":44,"column":109}},"19":{"start":{"line":47,"column":59},"end":{"line":51,"column":6}},"20":{"start":{"line":53,"column":4},"end":{"line":57,"column":7}},"21":{"start":{"line":59,"column":4},"end":{"line":59,"column":55}},"22":{"start":{"line":60,"column":4},"end":{"line":60,"column":52}},"23":{"start":{"line":8,"column":13},"end":{"line":8,"column":33}},"24":{"start":{"line":65,"column":40},"end":{"line":98,"column":1}},"25":{"start":{"line":70,"column":2},"end":{"line":97,"column":3}},"26":{"start":{"line":71,"column":19},"end":{"line":79,"column":6}},"27":{"start":{"line":81,"column":4},"end":{"line":91,"column":6}},"28":{"start":{"line":93,"column":4},"end":{"line":93,"column":69}},"29":{"start":{"line":95,"column":4},"end":{"line":95,"column":62}},"30":{"start":{"line":96,"column":4},"end":{"line":96,"column":52}},"31":{"start":{"line":65,"column":13},"end":{"line":65,"column":40}},"32":{"start":{"line":101,"column":38},"end":{"line":126,"column":1}},"33":{"start":{"line":106,"column":2},"end":{"line":125,"column":3}},"34":{"start":{"line":107,"column":19},"end":{"line":111,"column":6}},"35":{"start":{"line":113,"column":4},"end":{"line":119,"column":7}},"36":{"start":{"line":121,"column":4},"end":{"line":121,"column":62}},"37":{"start":{"line":123,"column":4},"end":{"line":123,"column":60}},"38":{"start":{"line":124,"column":4},"end":{"line":124,"column":52}},"39":{"start":{"line":101,"column":13},"end":{"line":101,"column":38}}},"fnMap":{"0":{"name":"(anonymous_1)","decl":{"start":{"line":8,"column":33},"end":{"line":8,"column":38}},"loc":{"start":{"line":12,"column":4},"end":{"line":62,"column":1}}},"1":{"name":"(anonymous_2)","decl":{"start":{"line":27,"column":45},"end":{"line":27,"column":46}},"loc":{"start":{"line":27,"column":52},"end":{"line":27,"column":61}}},"2":{"name":"(anonymous_3)","decl":{"start":{"line":38,"column":26},"end":{"line":38,"column":27}},"loc":{"start":{"line":38,"column":43},"end":{"line":45,"column":5}}},"3":{"name":"(anonymous_4)","decl":{"start":{"line":65,"column":40},"end":{"line":65,"column":45}},"loc":{"start":{"line":69,"column":4},"end":{"line":98,"column":1}}},"4":{"name":"(anonymous_5)","decl":{"start":{"line":101,"column":38},"end":{"line":101,"column":43}},"loc":{"start":{"line":105,"column":4},"end":{"line":126,"column":1}}}},"branchMap":{"0":{"loc":{"start":{"line":22,"column":4},"end":{"line":25,"column":5}},"type":"if","locations":[{"start":{"line":22,"column":4},"end":{"line":25,"column":5}},{"start":{},"end":{}}]},"1":{"loc":{"start":{"line":39,"column":20},"end":{"line":39,"column":49}},"type":"binary-expr","locations":[{"start":{"line":39,"column":20},"end":{"line":39,"column":41}},{"start":{"line":39,"column":45},"end":{"line":39,"column":49}}]},"2":{"loc":{"start":{"line":40,"column":25},"end":{"line":40,"column":50}},"type":"cond-expr","locations":[{"start":{"line":40,"column":40},"end":{"line":40,"column":42}},{"start":{"line":40,"column":45},"end":{"line":40,"column":50}}]}},"s":{"0":0,"1":0,"2":0,"3":0,"4":0,"5":0,"6":0,"7":0,"8":0,"9":0,"10":0,"11":0,"12":0,"13":0,"14":0,"15":0,"16":0,"17":0,"18":0,"19":0,"20":0,"21":0,"22":0,"23":0,"24":0,"25":0,"26":0,"27":0,"28":0,"29":0,"30":0,"31":0,"32":0,"33":0,"34":0,"35":0,"36":0,"37":0,"38":0,"39":0},"f":{"0":0,"1":0,"2":0,"3":0,"4":0},"b":{"0":[0,0],"1":[0,0],"2":[0,0]}}
,"C:\\Users\\muxammadali.ergashev\\Documents\\Projects\\manufacture management system\\src\\bot\\handlers\\orderHandler.ts": {"path":"C:\\Users\\muxammadali.ergashev\\Documents\\Projects\\manufacture management system\\src\\bot\\handlers\\orderHandler.ts","statementMap":{"0":{"start":{"line":2,"column":0},"end":{"line":2,"column":46}},"1":{"start":{"line":3,"column":0},"end":{"line":3,"column":40}},"2":{"start":{"line":5,"column":15},"end":{"line":5,"column":33}},"3":{"start":{"line":17,"column":22},"end":{"line":17,"column":53}},"4":{"start":{"line":20,"column":29},"end":{"line":66,"column":1}},"5":{"start":{"line":21,"column":2},"end":{"line":65,"column":3}},"6":{"start":{"line":23,"column":21},"end":{"line":26,"column":6}},"7":{"start":{"line":28,"column":4},"end":{"line":31,"column":5}},"8":{"start":{"line":29,"column":6},"end":{"line":29,"column":69}},"9":{"start":{"line":30,"column":6},"end":{"line":30,"column":13}},"10":{"start":{"line":34,"column":4},"end":{"line":38,"column":7}},"11":{"start":{"line":41,"column":21},"end":{"line":46,"column":6}},"12":{"start":{"line":41,"column":47},"end":{"line":46,"column":6}},"13":{"start":{"line":48,"column":4},"end":{"line":48,"column":89}},"14":{"start":{"line":49,"column":4},"end":{"line":49,"column":79}},"15":{"start":{"line":51,"column":4},"end":{"line":61,"column":6}},"16":{"start":{"line":63,"column":4},"end":{"line":63,"column":51}},"17":{"start":{"line":64,"column":4},"end":{"line":64,"column":75}},"18":{"start":{"line":20,"column":13},"end":{"line":20,"column":29}},"19":{"start":{"line":69,"column":29},"end":{"line":120,"column":1}},"20":{"start":{"line":75,"column":2},"end":{"line":119,"column":3}},"21":{"start":{"line":76,"column":20},"end":{"line":76,"column":45}},"22":{"start":{"line":77,"column":4},"end":{"line":80,"column":5}},"23":{"start":{"line":78,"column":6},"end":{"line":78,"column":75}},"24":{"start":{"line":79,"column":6},"end":{"line":79,"column":13}},"25":{"start":{"line":83,"column":20},"end":{"line":85,"column":6}},"26":{"start":{"line":87,"column":4},"end":{"line":90,"column":5}},"27":{"start":{"line":88,"column":6},"end":{"line":88,"column":55}},"28":{"start":{"line":89,"column":6},"end":{"line":89,"column":13}},"29":{"start":{"line":93,"column":4},"end":{"line":93,"column":39}},"30":{"start":{"line":94,"column":4},"end":{"line":98,"column":7}},"31":{"start":{"line":100,"column":4},"end":{"line":113,"column":6}},"32":{"start":{"line":115,"column":4},"end":{"line":115,"column":39}},"33":{"start":{"line":117,"column":4},"end":{"line":117,"column":51}},"34":{"start":{"line":118,"column":4},"end":{"line":118,"column":52}},"35":{"start":{"line":69,"column":13},"end":{"line":69,"column":29}},"36":{"start":{"line":123,"column":29},"end":{"line":181,"column":1}},"37":{"start":{"line":128,"column":2},"end":{"line":180,"column":3}},"38":{"start":{"line":129,"column":20},"end":{"line":129,"column":45}},"39":{"start":{"line":130,"column":4},"end":{"line":132,"column":5}},"40":{"start":{"line":131,"column":6},"end":{"line":131,"column":13}},"41":{"start":{"line":135,"column":21},"end":{"line":135,"column":60}},"42":{"start":{"line":136,"column":4},"end":{"line":136,"column":33}},"43":{"start":{"line":139,"column":21},"end":{"line":142,"column":6}},"44":{"start":{"line":145,"column":20},"end":{"line":145,"column":51}},"45":{"start":{"line":146,"column":4},"end":{"line":148,"column":7}},"46":{"start":{"line":147,"column":6},"end":{"line":147,"column":81}},"47":{"start":{"line":151,"column":21},"end":{"line":158,"column":8}},"48":{"start":{"line":152,"column":21},"end":{"line":152,"column":69}},"49":{"start":{"line":152,"column":48},"end":{"line":152,"column":68}},"50":{"start":{"line":153,"column":24},"end":{"line":158,"column":8}},"51":{"start":{"line":160,"column":4},"end":{"line":160,"column":89}},"52":{"start":{"line":161,"column":4},"end":{"line":161,"column":79}},"53":{"start":{"line":163,"column":4},"end":{"line":163,"column":40}},"54":{"start":{"line":164,"column":4},"end":{"line":164,"column":39}},"55":{"start":{"line":166,"column":4},"end":{"line":176,"column":6}},"56":{"start":{"line":178,"column":4},"end":{"line":178,"column":51}},"57":{"start":{"line":179,"column":4},"end":{"line":179,"column":52}},"58":{"start":{"line":123,"column":13},"end":{"line":123,"column":29}},"59":{"start":{"line":184,"column":28},"end":{"line":206,"column":1}},"60":{"start":{"line":185,"column":2},"end":{"line":205,"column":3}},"61":{"start":{"line":186,"column":20},"end":{"line":186,"column":45}},"62":{"start":{"line":187,"column":4},"end":{"line":190,"column":5}},"63":{"start":{"line":188,"column":6},"end":{"line":188,"column":65}},"64":{"start":{"line":189,"column":6},"end":{"line":189,"column":13}},"65":{"start":{"line":193,"column":4},"end":{"line":198,"column":6}},"66":{"start":{"line":200,"column":4},"end":{"line":200,"column":37}},"67":{"start":{"line":201,"column":4},"end":{"line":201,"column":39}},"68":{"start":{"line":203,"column":4},"end":{"line":203,"column":50}},"69":{"start":{"line":204,"column":4},"end":{"line":204,"column":52}},"70":{"start":{"line":184,"column":13},"end":{"line":184,"column":28}},"71":{"start":{"line":209,"column":25},"end":{"line":238,"column":1}},"72":{"start":{"line":210,"column":2},"end":{"line":237,"column":3}},"73":{"start":{"line":211,"column":20},"end":{"line":211,"column":45}},"74":{"start":{"line":212,"column":4},"end":{"line":214,"column":5}},"75":{"start":{"line":213,"column":6},"end":{"line":213,"column":13}},"76":{"start":{"line":217,"column":17},"end":{"line":217,"column":34}},"77":{"start":{"line":218,"column":4},"end":{"line":221,"column":5}},"78":{"start":{"line":219,"column":6},"end":{"line":219,"column":90}},"79":{"start":{"line":220,"column":6},"end":{"line":220,"column":13}},"80":{"start":{"line":223,"column":4},"end":{"line":231,"column":5}},"81":{"start":{"line":224,"column":6},"end":{"line":224,"column":31}},"82":{"start":{"line":225,"column":6},"end":{"line":225,"column":92}},"83":{"start":{"line":227,"column":6},"end":{"line":227,"column":34}},"84":{"start":{"line":230,"column":6},"end":{"line":230,"column":46}},"85":{"start":{"line":233,"column":4},"end":{"line":233,"column":39}},"86":{"start":{"line":235,"column":4},"end":{"line":235,"column":47}},"87":{"start":{"line":236,"column":4},"end":{"line":236,"column":52}},"88":{"start":{"line":209,"column":13},"end":{"line":209,"column":25}},"89":{"start":{"line":241,"column":20},"end":{"line":329,"column":1}},"90":{"start":{"line":246,"column":2},"end":{"line":328,"column":3}},"91":{"start":{"line":248,"column":17},"end":{"line":248,"column":27}},"92":{"start":{"line":249,"column":17},"end":{"line":249,"column":35}},"93":{"start":{"line":250,"column":18},"end":{"line":250,"column":62}},"94":{"start":{"line":251,"column":16},"end":{"line":251,"column":55}},"95":{"start":{"line":252,"column":19},"end":{"line":254,"column":23}},"96":{"start":{"line":255,"column":24},"end":{"line":255,"column":61}},"97":{"start":{"line":258,"column":18},"end":{"line":283,"column":6}},"98":{"start":{"line":267,"column":47},"end":{"line":273,"column":12}},"99":{"start":{"line":286,"column":4},"end":{"line":293,"column":7}},"100":{"start":{"line":296,"column":23},"end":{"line":304,"column":2}},"101":{"start":{"line":306,"column":4},"end":{"line":308,"column":7}},"102":{"start":{"line":307,"column":6},"end":{"line":307,"column":101}},"103":{"start":{"line":310,"column":4},"end":{"line":319,"column":7}},"104":{"start":{"line":322,"column":4},"end":{"line":322,"column":33}},"105":{"start":{"line":324,"column":4},"end":{"line":324,"column":68}},"106":{"start":{"line":326,"column":4},"end":{"line":326,"column":49}},"107":{"start":{"line":327,"column":4},"end":{"line":327,"column":95}},"108":{"start":{"line":332,"column":27},"end":{"line":344,"column":1}},"109":{"start":{"line":333,"column":2},"end":{"line":333,"column":31}},"110":{"start":{"line":334,"column":2},"end":{"line":343,"column":5}},"111":{"start":{"line":332,"column":13},"end":{"line":332,"column":27}},"112":{"start":{"line":347,"column":31},"end":{"line":349,"column":1}},"113":{"start":{"line":348,"column":2},"end":{"line":348,"column":35}},"114":{"start":{"line":347,"column":13},"end":{"line":347,"column":31}},"115":{"start":{"line":352,"column":28},"end":{"line":412,"column":1}},"116":{"start":{"line":353,"column":2},"end":{"line":411,"column":3}},"117":{"start":{"line":355,"column":4},"end":{"line":358,"column":5}},"118":{"start":{"line":356,"column":6},"end":{"line":356,"column":35}},"119":{"start":{"line":357,"column":6},"end":{"line":357,"column":82}},"120":{"start":{"line":360,"column":19},"end":{"line":373,"column":6}},"121":{"start":{"line":375,"column":4},"end":{"line":378,"column":5}},"122":{"start":{"line":376,"column":6},"end":{"line":376,"column":66}},"123":{"start":{"line":377,"column":6},"end":{"line":377,"column":13}},"124":{"start":{"line":380,"column":18},"end":{"line":380,"column":48}},"125":{"start":{"line":382,"column":51},"end":{"line":390,"column":6}},"126":{"start":{"line":392,"column":4},"end":{"line":399,"column":7}},"127":{"start":{"line":393,"column":20},"end":{"line":393,"column":53}},"128":{"start":{"line":395,"column":6},"end":{"line":395,"column":65}},"129":{"start":{"line":396,"column":6},"end":{"line":396,"column":67}},"130":{"start":{"line":397,"column":6},"end":{"line":397,"column":43}},"131":{"start":{"line":398,"column":6},"end":{"line":398,"column":67}},"132":{"start":{"line":401,"column":4},"end":{"line":407,"column":7}},"133":{"start":{"line":409,"column":4},"end":{"line":409,"column":50}},"134":{"start":{"line":410,"column":4},"end":{"line":410,"column":52}},"135":{"start":{"line":352,"column":13},"end":{"line":352,"column":28}}},"fnMap":{"0":{"name":"(anonymous_1)","decl":{"start":{"line":20,"column":29},"end":{"line":20,"column":34}},"loc":{"start":{"line":20,"column":88},"end":{"line":66,"column":1}}},"1":{"name":"(anonymous_2)","decl":{"start":{"line":41,"column":34},"end":{"line":41,"column":35}},"loc":{"start":{"line":41,"column":47},"end":{"line":46,"column":6}}},"2":{"name":"(anonymous_3)","decl":{"start":{"line":69,"column":29},"end":{"line":69,"column":34}},"loc":{"start":{"line":74,"column":4},"end":{"line":120,"column":1}}},"3":{"name":"(anonymous_4)","decl":{"start":{"line":123,"column":29},"end":{"line":123,"column":34}},"loc":{"start":{"line":127,"column":4},"end":{"line":181,"column":1}}},"4":{"name":"(anonymous_5)","decl":{"start":{"line":146,"column":26},"end":{"line":146,"column":27}},"loc":{"start":{"line":146,"column":42},"end":{"line":148,"column":5}}},"5":{"name":"(anonymous_6)","decl":{"start":{"line":152,"column":14},"end":{"line":152,"column":15}},"loc":{"start":{"line":152,"column":21},"end":{"line":152,"column":69}}},"6":{"name":"(anonymous_7)","decl":{"start":{"line":152,"column":41},"end":{"line":152,"column":42}},"loc":{"start":{"line":152,"column":48},"end":{"line":152,"column":68}}},"7":{"name":"(anonymous_8)","decl":{"start":{"line":153,"column":11},"end":{"line":153,"column":12}},"loc":{"start":{"line":153,"column":24},"end":{"line":158,"column":8}}},"8":{"name":"(anonymous_9)","decl":{"start":{"line":184,"column":28},"end":{"line":184,"column":33}},"loc":{"start":{"line":184,"column":71},"end":{"line":206,"column":1}}},"9":{"name":"(anonymous_10)","decl":{"start":{"line":209,"column":25},"end":{"line":209,"column":30}},"loc":{"start":{"line":209,"column":85},"end":{"line":238,"column":1}}},"10":{"name":"(anonymous_11)","decl":{"start":{"line":241,"column":20},"end":{"line":241,"column":25}},"loc":{"start":{"line":245,"column":4},"end":{"line":329,"column":1}}},"11":{"name":"(anonymous_12)","decl":{"start":{"line":267,"column":36},"end":{"line":267,"column":37}},"loc":{"start":{"line":267,"column":47},"end":{"line":273,"column":12}}},"12":{"name":"(anonymous_13)","decl":{"start":{"line":306,"column":24},"end":{"line":306,"column":25}},"loc":{"start":{"line":306,"column":40},"end":{"line":308,"column":5}}},"13":{"name":"(anonymous_14)","decl":{"start":{"line":332,"column":27},"end":{"line":332,"column":28}},"loc":{"start":{"line":332,"column":64},"end":{"line":344,"column":1}}},"14":{"name":"(anonymous_15)","decl":{"start":{"line":347,"column":31},"end":{"line":347,"column":32}},"loc":{"start":{"line":347,"column":50},"end":{"line":349,"column":1}}},"15":{"name":"(anonymous_16)","decl":{"start":{"line":352,"column":28},"end":{"line":352,"column":33}},"loc":{"start":{"line":352,"column":87},"end":{"line":412,"column":1}}},"16":{"name":"(anonymous_17)","decl":{"start":{"line":392,"column":19},"end":{"line":392,"column":20}},"loc":{"start":{"line":392,"column":36},"end":{"line":399,"column":5}}}},"branchMap":{"0":{"loc":{"start":{"line":28,"column":4},"end":{"line":31,"column":5}},"type":"if","locations":[{"start":{"line":28,"column":4},"end":{"line":31,"column":5}},{"start":{},"end":{}}]},"1":{"loc":{"start":{"line":77,"column":4},"end":{"line":80,"column":5}},"type":"if","locations":[{"start":{"line":77,"column":4},"end":{"line":80,"column":5}},{"start":{},"end":{}}]},"2":{"loc":{"start":{"line":87,"column":4},"end":{"line":90,"column":5}},"type":"if","locations":[{"start":{"line":87,"column":4},"end":{"line":90,"column":5}},{"start":{},"end":{}}]},"3":{"loc":{"start":{"line":130,"column":4},"end":{"line":132,"column":5}},"type":"if","locations":[{"start":{"line":130,"column":4},"end":{"line":132,"column":5}},{"start":{},"end":{}}]},"4":{"loc":{"start":{"line":130,"column":8},"end":{"line":130,"column":56}},"type":"binary-expr","locations":[{"start":{"line":130,"column":8},"end":{"line":130,"column":16}},{"start":{"line":130,"column":20},"end":{"line":130,"column":56}}]},"5":{"loc":{"start":{"line":187,"column":4},"end":{"line":190,"column":5}},"type":"if","locations":[{"start":{"line":187,"column":4},"end":{"line":190,"column":5}},{"start":{},"end":{}}]},"6":{"loc":{"start":{"line":187,"column":8},"end":{"line":187,"column":46}},"type":"binary-expr","locations":[{"start":{"line":187,"column":8},"end":{"line":187,"column":16}},{"start":{"line":187,"column":20},"end":{"line":187,"column":46}}]},"7":{"loc":{"start":{"line":212,"column":4},"end":{"line":214,"column":5}},"type":"if","locations":[{"start":{"line":212,"column":4},"end":{"line":214,"column":5}},{"start":{},"end":{}}]},"8":{"loc":{"start":{"line":212,"column":8},"end":{"line":212,"column":54}},"type":"binary-expr","locations":[{"start":{"line":212,"column":8},"end":{"line":212,"column":16}},{"start":{"line":212,"column":20},"end":{"line":212,"column":54}}]},"9":{"loc":{"start":{"line":218,"column":4},"end":{"line":221,"column":5}},"type":"if","locations":[{"start":{"line":218,"column":4},"end":{"line":221,"column":5}},{"start":{},"end":{}}]},"10":{"loc":{"start":{"line":223,"column":4},"end":{"line":231,"column":5}},"type":"if","locations":[{"start":{"line":223,"column":4},"end":{"line":231,"column":5}},{"start":{"line":226,"column":11},"end":{"line":231,"column":5}}]},"11":{"loc":{"start":{"line":355,"column":4},"end":{"line":358,"column":5}},"type":"if","locations":[{"start":{"line":355,"column":4},"end":{"line":358,"column":5}},{"start":{},"end":{}}]},"12":{"loc":{"start":{"line":375,"column":4},"end":{"line":378,"column":5}},"type":"if","locations":[{"start":{"line":375,"column":4},"end":{"line":378,"column":5}},{"start":{},"end":{}}]},"13":{"loc":{"start":{"line":393,"column":20},"end":{"line":393,"column":53}},"type":"binary-expr","locations":[{"start":{"line":393,"column":20},"end":{"line":393,"column":45}},{"start":{"line":393,"column":49},"end":{"line":393,"column":53}}]}},"s":{"0":0,"1":0,"2":0,"3":0,"4":0,"5":0,"6":0,"7":0,"8":0,"9":0,"10":0,"11":0,"12":0,"13":0,"14":0,"15":0,"16":0,"17":0,"18":0,"19":0,"20":0,"21":0,"22":0,"23":0,"24":0,"25":0,"26":0,"27":0,"28":0,"29":0,"30":0,"31":0,"32":0,"33":0,"34":0,"35":0,"36":0,"37":0,"38":0,"39":0,"40":0,"41":0,"42":0,"43":0,"44":0,"45":0,"46":0,"47":0,"48":0,"49":0,"50":0,"51":0,"52":0,"53":0,"54":0,"55":0,"56":0,"57":0,"58":0,"59":0,"60":0,"61":0,"62":0,"63":0,"64":0,"65":0,"66":0,"67":0,"68":0,"69":0,"70":0,"71":0,"72":0,"73":0,"74":0,"75":0,"76":0,"77":0,"78":0,"79":0,"80":0,"81":0,"82":0,"83":0,"84":0,"85":0,"86":0,"87":0,"88":0,"89":0,"90":0,"91":0,"92":0,"93":0,"94":0,"95":0,"96":0,"97":0,"98":0,"99":0,"100":0,"101":0,"102":0,"103":0,"104":0,"105":0,"106":0,"107":0,"108":0,"109":0,"110":0,"111":0,"112":0,"113":0,"114":0,"115":0,"116":0,"117":0,"118":0,"119":0,"120":0,"121":0,"122":0,"123":0,"124":0,"125":0,"126":0,"127":0,"128":0,"129":0,"130":0,"131":0,"132":0,"133":0,"134":0,"135":0},"f":{"0":0,"1":0,"2":0,"3":0,"4":0,"5":0,"6":0,"7":0,"8":0,"9":0,"10":0,"11":0,"12":0,"13":0,"14":0,"15":0,"16":0},"b":{"0":[0,0],"1":[0,0],"2":[0,0],"3":[0,0],"4":[0,0],"5":[0,0],"6":[0,0],"7":[0,0],"8":[0,0],"9":[0,0],"10":[0,0],"11":[0,0],"12":[0,0],"13":[0,0]}}
,"C:\\Users\\muxammadali.ergashev\\Documents\\Projects\\manufacture management system\\src\\bot\\handlers\\producerHandler.ts": {"path":"C:\\Users\\muxammadali.ergashev\\Documents\\Projects\\manufacture management system\\src\\bot\\handlers\\producerHandler.ts","statementMap":{"0":{"start":{"line":9,"column":0},"end":{"line":9,"column":7}},"1":{"start":{"line":106,"column":0},"end":{"line":106,"column":7}},"2":{"start":{"line":182,"column":0},"end":{"line":182,"column":7}},"3":{"start":{"line":238,"column":0},"end":{"line":238,"column":7}},"4":{"start":{"line":305,"column":0},"end":{"line":305,"column":7}},"5":{"start":{"line":361,"column":0},"end":{"line":361,"column":7}},"6":{"start":{"line":437,"column":0},"end":{"line":437,"column":7}},"7":{"start":{"line":461,"column":0},"end":{"line":461,"column":7}},"8":{"start":{"line":467,"column":0},"end":{"line":467,"column":7}},"9":{"start":{"line":508,"column":0},"end":{"line":508,"column":7}},"10":{"start":{"line":561,"column":0},"end":{"line":561,"column":7}},"11":{"start":{"line":622,"column":0},"end":{"line":622,"column":7}},"12":{"start":{"line":671,"column":0},"end":{"line":671,"column":7}},"13":{"start":{"line":2,"column":0},"end":{"line":2,"column":59}},"14":{"start":{"line":3,"column":0},"end":{"line":3,"column":40}},"15":{"start":{"line":6,"column":15},"end":{"line":6,"column":33}},"16":{"start":{"line":10,"column":2},"end":{"line":102,"column":3}},"17":{"start":{"line":11,"column":30},"end":{"line":11,"column":32}},"18":{"start":{"line":13,"column":4},"end":{"line":42,"column":5}},"19":{"start":{"line":15,"column":20},"end":{"line":15,"column":30}},"20":{"start":{"line":16,"column":19},"end":{"line":16,"column":38}},"21":{"start":{"line":17,"column":20},"end":{"line":17,"column":65}},"22":{"start":{"line":18,"column":18},"end":{"line":18,"column":58}},"23":{"start":{"line":19,"column":27},"end":{"line":19,"column":52}},"24":{"start":{"line":21,"column":6},"end":{"line":29,"column":8}},"25":{"start":{"line":30,"column":11},"end":{"line":42,"column":5}},"26":{"start":{"line":31,"column":6},"end":{"line":35,"column":8}},"27":{"start":{"line":36,"column":11},"end":{"line":42,"column":5}},"28":{"start":{"line":37,"column":6},"end":{"line":41,"column":8}},"29":{"start":{"line":44,"column":19},"end":{"line":58,"column":6}},"30":{"start":{"line":60,"column":4},"end":{"line":63,"column":5}},"31":{"start":{"line":61,"column":6},"end":{"line":61,"column":65}},"32":{"start":{"line":62,"column":6},"end":{"line":62,"column":13}},"33":{"start":{"line":65,"column":18},"end":{"line":65,"column":43}},"34":{"start":{"line":67,"column":4},"end":{"line":77,"column":7}},"35":{"start":{"line":68,"column":26},"end":{"line":68,"column":54}},"36":{"start":{"line":69,"column":25},"end":{"line":69,"column":43}},"37":{"start":{"line":70,"column":30},"end":{"line":70,"column":85}},"38":{"start":{"line":72,"column":6},"end":{"line":72,"column":56}},"39":{"start":{"line":73,"column":6},"end":{"line":73,"column":46}},"40":{"start":{"line":74,"column":6},"end":{"line":74,"column":58}},"41":{"start":{"line":75,"column":6},"end":{"line":75,"column":72}},"42":{"start":{"line":76,"column":6},"end":{"line":76,"column":55}},"43":{"start":{"line":80,"column":59},"end":{"line":80,"column":61}},"44":{"start":{"line":82,"column":4},"end":{"line":89,"column":7}},"45":{"start":{"line":83,"column":6},"end":{"line":88,"column":9}},"46":{"start":{"line":91,"column":4},"end":{"line":91,"column":74}},"47":{"start":{"line":93,"column":4},"end":{"line":98,"column":7}},"48":{"start":{"line":100,"column":4},"end":{"line":100,"column":54}},"49":{"start":{"line":101,"column":4},"end":{"line":101,"column":93}},"50":{"start":{"line":107,"column":2},"end":{"line":178,"column":3}},"51":{"start":{"line":108,"column":18},"end":{"line":118,"column":6}},"52":{"start":{"line":120,"column":4},"end":{"line":123,"column":5}},"53":{"start":{"line":121,"column":6},"end":{"line":121,"column":61}},"54":{"start":{"line":122,"column":6},"end":{"line":122,"column":13}},"55":{"start":{"line":125,"column":24},"end":{"line":125,"column":52}},"56":{"start":{"line":126,"column":28},"end":{"line":126,"column":83}},"57":{"start":{"line":128,"column":18},"end":{"line":128,"column":52}},"58":{"start":{"line":129,"column":4},"end":{"line":129,"column":50}},"59":{"start":{"line":130,"column":4},"end":{"line":130,"column":55}},"60":{"start":{"line":131,"column":4},"end":{"line":131,"column":70}},"61":{"start":{"line":132,"column":4},"end":{"line":132,"column":74}},"62":{"start":{"line":133,"column":4},"end":{"line":133,"column":76}},"63":{"start":{"line":135,"column":4},"end":{"line":135,"column":41}},"64":{"start":{"line":137,"column":4},"end":{"line":147,"column":7}},"65":{"start":{"line":138,"column":23},"end":{"line":138,"column":61}},"66":{"start":{"line":139,"column":6},"end":{"line":139,"column":56}},"67":{"start":{"line":140,"column":6},"end":{"line":140,"column":68}},"68":{"start":{"line":142,"column":6},"end":{"line":145,"column":7}},"69":{"start":{"line":143,"column":8},"end":{"line":143,"column":78}},"70":{"start":{"line":144,"column":8},"end":{"line":144,"column":88}},"71":{"start":{"line":146,"column":6},"end":{"line":146,"column":22}},"72":{"start":{"line":149,"column":4},"end":{"line":151,"column":5}},"73":{"start":{"line":150,"column":6},"end":{"line":150,"column":45}},"74":{"start":{"line":154,"column":59},"end":{"line":167,"column":6}},"75":{"start":{"line":169,"column":4},"end":{"line":174,"column":7}},"76":{"start":{"line":176,"column":4},"end":{"line":176,"column":59}},"77":{"start":{"line":177,"column":4},"end":{"line":177,"column":58}},"78":{"start":{"line":183,"column":2},"end":{"line":234,"column":3}},"79":{"start":{"line":184,"column":18},"end":{"line":186,"column":6}},"80":{"start":{"line":188,"column":4},"end":{"line":191,"column":5}},"81":{"start":{"line":189,"column":6},"end":{"line":189,"column":61}},"82":{"start":{"line":190,"column":6},"end":{"line":190,"column":13}},"83":{"start":{"line":193,"column":26},"end":{"line":193,"column":38}},"84":{"start":{"line":194,"column":20},"end":{"line":197,"column":30}},"85":{"start":{"line":200,"column":36},"end":{"line":208,"column":6}},"86":{"start":{"line":210,"column":59},"end":{"line":210,"column":61}},"87":{"start":{"line":212,"column":4},"end":{"line":221,"column":9}},"88":{"start":{"line":213,"column":24},"end":{"line":213,"column":48}},"89":{"start":{"line":215,"column":8},"end":{"line":220,"column":11}},"90":{"start":{"line":223,"column":4},"end":{"line":223,"column":83}},"91":{"start":{"line":225,"column":4},"end":{"line":230,"column":7}},"92":{"start":{"line":232,"column":4},"end":{"line":232,"column":56}},"93":{"start":{"line":233,"column":4},"end":{"line":233,"column":58}},"94":{"start":{"line":245,"column":2},"end":{"line":301,"column":3}},"95":{"start":{"line":246,"column":18},"end":{"line":249,"column":6}},"96":{"start":{"line":251,"column":4},"end":{"line":254,"column":5}},"97":{"start":{"line":252,"column":6},"end":{"line":252,"column":61}},"98":{"start":{"line":253,"column":6},"end":{"line":253,"column":13}},"99":{"start":{"line":256,"column":22},"end":{"line":256,"column":34}},"100":{"start":{"line":259,"column":4},"end":{"line":262,"column":7}},"101":{"start":{"line":265,"column":4},"end":{"line":272,"column":7}},"102":{"start":{"line":275,"column":4},"end":{"line":284,"column":7}},"103":{"start":{"line":286,"column":20},"end":{"line":288,"column":127}},"104":{"start":{"line":290,"column":4},"end":{"line":295,"column":7}},"105":{"start":{"line":297,"column":4},"end":{"line":297,"column":103}},"106":{"start":{"line":299,"column":4},"end":{"line":299,"column":53}},"107":{"start":{"line":300,"column":4},"end":{"line":300,"column":58}},"108":{"start":{"line":306,"column":2},"end":{"line":357,"column":3}},"109":{"start":{"line":307,"column":18},"end":{"line":316,"column":6}},"110":{"start":{"line":318,"column":4},"end":{"line":321,"column":5}},"111":{"start":{"line":319,"column":6},"end":{"line":319,"column":61}},"112":{"start":{"line":320,"column":6},"end":{"line":320,"column":13}},"113":{"start":{"line":323,"column":18},"end":{"line":323,"column":53}},"114":{"start":{"line":324,"column":4},"end":{"line":324,"column":55}},"115":{"start":{"line":325,"column":4},"end":{"line":325,"column":63}},"116":{"start":{"line":327,"column":4},"end":{"line":331,"column":7}},"117":{"start":{"line":328,"column":23},"end":{"line":328,"column":61}},"118":{"start":{"line":329,"column":6},"end":{"line":329,"column":56}},"119":{"start":{"line":330,"column":6},"end":{"line":330,"column":70}},"120":{"start":{"line":334,"column":59},"end":{"line":334,"column":61}},"121":{"start":{"line":336,"column":4},"end":{"line":344,"column":7}},"122":{"start":{"line":337,"column":23},"end":{"line":337,"column":61}},"123":{"start":{"line":338,"column":6},"end":{"line":343,"column":9}},"124":{"start":{"line":346,"column":4},"end":{"line":346,"column":83}},"125":{"start":{"line":348,"column":4},"end":{"line":353,"column":7}},"126":{"start":{"line":355,"column":4},"end":{"line":355,"column":60}},"127":{"start":{"line":356,"column":4},"end":{"line":356,"column":58}},"128":{"start":{"line":362,"column":2},"end":{"line":433,"column":3}},"129":{"start":{"line":363,"column":23},"end":{"line":363,"column":41}},"130":{"start":{"line":364,"column":17},"end":{"line":364,"column":41}},"131":{"start":{"line":365,"column":18},"end":{"line":365,"column":68}},"132":{"start":{"line":366,"column":16},"end":{"line":366,"column":61}},"133":{"start":{"line":367,"column":20},"end":{"line":367,"column":45}},"134":{"start":{"line":369,"column":19},"end":{"line":386,"column":6}},"135":{"start":{"line":388,"column":4},"end":{"line":391,"column":5}},"136":{"start":{"line":389,"column":6},"end":{"line":389,"column":97}},"137":{"start":{"line":390,"column":6},"end":{"line":390,"column":13}},"138":{"start":{"line":394,"column":122},"end":{"line":394,"column":124}},"139":{"start":{"line":396,"column":4},"end":{"line":414,"column":7}},"140":{"start":{"line":397,"column":6},"end":{"line":413,"column":9}},"141":{"start":{"line":398,"column":25},"end":{"line":398,"column":63}},"142":{"start":{"line":399,"column":26},"end":{"line":399,"column":40}},"143":{"start":{"line":401,"column":8},"end":{"line":409,"column":9}},"144":{"start":{"line":402,"column":10},"end":{"line":408,"column":12}},"145":{"start":{"line":411,"column":8},"end":{"line":411,"column":60}},"146":{"start":{"line":412,"column":8},"end":{"line":412,"column":45}},"147":{"start":{"line":416,"column":18},"end":{"line":416,"column":45}},"148":{"start":{"line":417,"column":4},"end":{"line":417,"column":54}},"149":{"start":{"line":418,"column":4},"end":{"line":418,"column":62}},"150":{"start":{"line":419,"column":4},"end":{"line":419,"column":41}},"151":{"start":{"line":421,"column":4},"end":{"line":425,"column":7}},"152":{"start":{"line":422,"column":6},"end":{"line":422,"column":63}},"153":{"start":{"line":423,"column":6},"end":{"line":423,"column":60}},"154":{"start":{"line":424,"column":6},"end":{"line":424,"column":59}},"155":{"start":{"line":427,"column":4},"end":{"line":429,"column":7}},"156":{"start":{"line":431,"column":4},"end":{"line":431,"column":56}},"157":{"start":{"line":432,"column":4},"end":{"line":432,"column":58}},"158":{"start":{"line":438,"column":2},"end":{"line":457,"column":3}},"159":{"start":{"line":439,"column":20},"end":{"line":439,"column":79}},"160":{"start":{"line":441,"column":59},"end":{"line":446,"column":6}},"161":{"start":{"line":448,"column":4},"end":{"line":453,"column":7}},"162":{"start":{"line":455,"column":4},"end":{"line":455,"column":54}},"163":{"start":{"line":456,"column":4},"end":{"line":456,"column":58}},"164":{"start":{"line":462,"column":16},"end":{"line":462,"column":26}},"165":{"start":{"line":463,"column":2},"end":{"line":463,"column":47}},"166":{"start":{"line":468,"column":20},"end":{"line":468,"column":30}},"167":{"start":{"line":469,"column":2},"end":{"line":469,"column":45}},"168":{"start":{"line":470,"column":2},"end":{"line":470,"column":51}},"169":{"start":{"line":475,"column":53},"end":{"line":483,"column":4}},"170":{"start":{"line":484,"column":2},"end":{"line":484,"column":33}},"171":{"start":{"line":488,"column":57},"end":{"line":496,"column":4}},"172":{"start":{"line":497,"column":2},"end":{"line":497,"column":40}},"173":{"start":{"line":501,"column":2},"end":{"line":505,"column":5}},"174":{"start":{"line":509,"column":2},"end":{"line":557,"column":3}},"175":{"start":{"line":510,"column":17},"end":{"line":521,"column":6}},"176":{"start":{"line":523,"column":4},"end":{"line":526,"column":5}},"177":{"start":{"line":524,"column":6},"end":{"line":524,"column":61}},"178":{"start":{"line":525,"column":6},"end":{"line":525,"column":13}},"179":{"start":{"line":529,"column":4},"end":{"line":532,"column":5}},"180":{"start":{"line":530,"column":6},"end":{"line":530,"column":127}},"181":{"start":{"line":531,"column":6},"end":{"line":531,"column":13}},"182":{"start":{"line":535,"column":6},"end":{"line":539,"column":52}},"183":{"start":{"line":541,"column":59},"end":{"line":546,"column":6}},"184":{"start":{"line":548,"column":4},"end":{"line":553,"column":7}},"185":{"start":{"line":555,"column":4},"end":{"line":555,"column":54}},"186":{"start":{"line":556,"column":4},"end":{"line":556,"column":58}},"187":{"start":{"line":562,"column":2},"end":{"line":618,"column":3}},"188":{"start":{"line":563,"column":17},"end":{"line":573,"column":6}},"189":{"start":{"line":575,"column":4},"end":{"line":578,"column":5}},"190":{"start":{"line":576,"column":6},"end":{"line":576,"column":61}},"191":{"start":{"line":577,"column":6},"end":{"line":577,"column":13}},"192":{"start":{"line":580,"column":24},"end":{"line":580,"column":41}},"193":{"start":{"line":581,"column":24},"end":{"line":581,"column":46}},"194":{"start":{"line":582,"column":20},"end":{"line":582,"column":32}},"195":{"start":{"line":585,"column":4},"end":{"line":587,"column":7}},"196":{"start":{"line":590,"column":4},"end":{"line":599,"column":7}},"197":{"start":{"line":602,"column":6},"end":{"line":605,"column":39}},"198":{"start":{"line":607,"column":4},"end":{"line":612,"column":7}},"199":{"start":{"line":614,"column":4},"end":{"line":614,"column":88}},"200":{"start":{"line":616,"column":4},"end":{"line":616,"column":61}},"201":{"start":{"line":617,"column":4},"end":{"line":617,"column":58}},"202":{"start":{"line":623,"column":2},"end":{"line":667,"column":3}},"203":{"start":{"line":624,"column":18},"end":{"line":634,"column":6}},"204":{"start":{"line":636,"column":4},"end":{"line":639,"column":5}},"205":{"start":{"line":637,"column":6},"end":{"line":637,"column":61}},"206":{"start":{"line":638,"column":6},"end":{"line":638,"column":13}},"207":{"start":{"line":641,"column":28},"end":{"line":641,"column":83}},"208":{"start":{"line":643,"column":18},"end":{"line":643,"column":51}},"209":{"start":{"line":644,"column":4},"end":{"line":644,"column":75}},"210":{"start":{"line":645,"column":4},"end":{"line":645,"column":53}},"211":{"start":{"line":646,"column":4},"end":{"line":646,"column":55}},"212":{"start":{"line":647,"column":4},"end":{"line":647,"column":91}},"213":{"start":{"line":648,"column":4},"end":{"line":648,"column":62}},"214":{"start":{"line":649,"column":4},"end":{"line":649,"column":53}},"215":{"start":{"line":651,"column":59},"end":{"line":656,"column":6}},"216":{"start":{"line":658,"column":4},"end":{"line":663,"column":7}},"217":{"start":{"line":665,"column":4},"end":{"line":665,"column":55}},"218":{"start":{"line":666,"column":4},"end":{"line":666,"column":58}},"219":{"start":{"line":672,"column":2},"end":{"line":730,"column":3}},"220":{"start":{"line":673,"column":18},"end":{"line":678,"column":6}},"221":{"start":{"line":680,"column":4},"end":{"line":683,"column":5}},"222":{"start":{"line":681,"column":6},"end":{"line":681,"column":61}},"223":{"start":{"line":682,"column":6},"end":{"line":682,"column":13}},"224":{"start":{"line":685,"column":24},"end":{"line":685,"column":41}},"225":{"start":{"line":686,"column":26},"end":{"line":686,"column":45}},"226":{"start":{"line":689,"column":4},"end":{"line":691,"column":7}},"227":{"start":{"line":693,"column":4},"end":{"line":695,"column":7}},"228":{"start":{"line":698,"column":4},"end":{"line":700,"column":7}},"229":{"start":{"line":703,"column":4},"end":{"line":712,"column":7}},"230":{"start":{"line":715,"column":6},"end":{"line":717,"column":39}},"231":{"start":{"line":719,"column":4},"end":{"line":724,"column":7}},"232":{"start":{"line":726,"column":4},"end":{"line":726,"column":62}},"233":{"start":{"line":728,"column":4},"end":{"line":728,"column":62}},"234":{"start":{"line":729,"column":4},"end":{"line":729,"column":58}}},"fnMap":{"0":{"name":"handleViewOrders","decl":{"start":{"line":9,"column":22},"end":{"line":9,"column":38}},"loc":{"start":{"line":9,"column":108},"end":{"line":103,"column":1}}},"1":{"name":"(anonymous_2)","decl":{"start":{"line":67,"column":19},"end":{"line":67,"column":20}},"loc":{"start":{"line":67,"column":36},"end":{"line":77,"column":5}}},"2":{"name":"(anonymous_3)","decl":{"start":{"line":82,"column":19},"end":{"line":82,"column":20}},"loc":{"start":{"line":82,"column":29},"end":{"line":89,"column":5}}},"3":{"name":"handleViewOrderDetail","decl":{"start":{"line":106,"column":22},"end":{"line":106,"column":43}},"loc":{"start":{"line":106,"column":93},"end":{"line":179,"column":1}}},"4":{"name":"(anonymous_5)","decl":{"start":{"line":137,"column":24},"end":{"line":137,"column":25}},"loc":{"start":{"line":137,"column":40},"end":{"line":147,"column":5}}},"5":{"name":"handleChangeStatus","decl":{"start":{"line":182,"column":22},"end":{"line":182,"column":40}},"loc":{"start":{"line":182,"column":90},"end":{"line":235,"column":1}}},"6":{"name":"(anonymous_7)","decl":{"start":{"line":213,"column":14},"end":{"line":213,"column":20}},"loc":{"start":{"line":213,"column":24},"end":{"line":213,"column":48}}},"7":{"name":"(anonymous_8)","decl":{"start":{"line":214,"column":15},"end":{"line":214,"column":21}},"loc":{"start":{"line":214,"column":24},"end":{"line":221,"column":7}}},"8":{"name":"handleSetStatus","decl":{"start":{"line":238,"column":22},"end":{"line":238,"column":37}},"loc":{"start":{"line":243,"column":16},"end":{"line":302,"column":1}}},"9":{"name":"handleChangeQuantities","decl":{"start":{"line":305,"column":22},"end":{"line":305,"column":44}},"loc":{"start":{"line":305,"column":94},"end":{"line":358,"column":1}}},"10":{"name":"(anonymous_11)","decl":{"start":{"line":327,"column":24},"end":{"line":327,"column":25}},"loc":{"start":{"line":327,"column":40},"end":{"line":331,"column":5}}},"11":{"name":"(anonymous_12)","decl":{"start":{"line":336,"column":24},"end":{"line":336,"column":25}},"loc":{"start":{"line":336,"column":33},"end":{"line":344,"column":5}}},"12":{"name":"handleDailySummary","decl":{"start":{"line":361,"column":22},"end":{"line":361,"column":40}},"loc":{"start":{"line":361,"column":86},"end":{"line":434,"column":1}}},"13":{"name":"(anonymous_14)","decl":{"start":{"line":396,"column":19},"end":{"line":396,"column":24}},"loc":{"start":{"line":396,"column":27},"end":{"line":414,"column":5}}},"14":{"name":"(anonymous_15)","decl":{"start":{"line":397,"column":26},"end":{"line":397,"column":30}},"loc":{"start":{"line":397,"column":33},"end":{"line":413,"column":7}}},"15":{"name":"(anonymous_16)","decl":{"start":{"line":421,"column":42},"end":{"line":421,"column":43}},"loc":{"start":{"line":421,"column":58},"end":{"line":425,"column":5}}},"16":{"name":"handleReportMenu","decl":{"start":{"line":437,"column":22},"end":{"line":437,"column":38}},"loc":{"start":{"line":437,"column":71},"end":{"line":458,"column":1}}},"17":{"name":"handleReportToday","decl":{"start":{"line":461,"column":22},"end":{"line":461,"column":39}},"loc":{"start":{"line":461,"column":72},"end":{"line":464,"column":1}}},"18":{"name":"handleReportYesterday","decl":{"start":{"line":467,"column":22},"end":{"line":467,"column":43}},"loc":{"start":{"line":467,"column":76},"end":{"line":471,"column":1}}},"19":{"name":"getStatusEmoji","decl":{"start":{"line":474,"column":9},"end":{"line":474,"column":23}},"loc":{"start":{"line":474,"column":43},"end":{"line":485,"column":1}}},"20":{"name":"translateStatus","decl":{"start":{"line":487,"column":9},"end":{"line":487,"column":24}},"loc":{"start":{"line":487,"column":44},"end":{"line":498,"column":1}}},"21":{"name":"formatDate","decl":{"start":{"line":500,"column":9},"end":{"line":500,"column":19}},"loc":{"start":{"line":500,"column":30},"end":{"line":506,"column":1}}},"22":{"name":"handleDeleteItem","decl":{"start":{"line":508,"column":22},"end":{"line":508,"column":38}},"loc":{"start":{"line":508,"column":103},"end":{"line":558,"column":1}}},"23":{"name":"handleConfirmDeleteItem","decl":{"start":{"line":561,"column":22},"end":{"line":561,"column":45}},"loc":{"start":{"line":561,"column":110},"end":{"line":619,"column":1}}},"24":{"name":"handleDeleteOrder","decl":{"start":{"line":622,"column":22},"end":{"line":622,"column":39}},"loc":{"start":{"line":622,"column":89},"end":{"line":668,"column":1}}},"25":{"name":"handleConfirmDeleteOrder","decl":{"start":{"line":671,"column":22},"end":{"line":671,"column":46}},"loc":{"start":{"line":671,"column":112},"end":{"line":731,"column":1}}}},"branchMap":{"0":{"loc":{"start":{"line":13,"column":4},"end":{"line":42,"column":5}},"type":"if","locations":[{"start":{"line":13,"column":4},"end":{"line":42,"column":5}},{"start":{"line":30,"column":11},"end":{"line":42,"column":5}}]},"1":{"loc":{"start":{"line":30,"column":11},"end":{"line":42,"column":5}},"type":"if","locations":[{"start":{"line":30,"column":11},"end":{"line":42,"column":5}},{"start":{"line":36,"column":11},"end":{"line":42,"column":5}}]},"2":{"loc":{"start":{"line":36,"column":11},"end":{"line":42,"column":5}},"type":"if","locations":[{"start":{"line":36,"column":11},"end":{"line":42,"column":5}},{"start":{},"end":{}}]},"3":{"loc":{"start":{"line":60,"column":4},"end":{"line":63,"column":5}},"type":"if","locations":[{"start":{"line":60,"column":4},"end":{"line":63,"column":5}},{"start":{},"end":{}}]},"4":{"loc":{"start":{"line":70,"column":30},"end":{"line":70,"column":85}},"type":"binary-expr","locations":[{"start":{"line":70,"column":30},"end":{"line":70,"column":59}},{"start":{"line":70,"column":63},"end":{"line":70,"column":85}}]},"5":{"loc":{"start":{"line":120,"column":4},"end":{"line":123,"column":5}},"type":"if","locations":[{"start":{"line":120,"column":4},"end":{"line":123,"column":5}},{"start":{},"end":{}}]},"6":{"loc":{"start":{"line":126,"column":28},"end":{"line":126,"column":83}},"type":"binary-expr","locations":[{"start":{"line":126,"column":28},"end":{"line":126,"column":57}},{"start":{"line":126,"column":61},"end":{"line":126,"column":83}}]},"7":{"loc":{"start":{"line":138,"column":23},"end":{"line":138,"column":61}},"type":"binary-expr","locations":[{"start":{"line":138,"column":23},"end":{"line":138,"column":44}},{"start":{"line":138,"column":48},"end":{"line":138,"column":61}}]},"8":{"loc":{"start":{"line":142,"column":6},"end":{"line":145,"column":7}},"type":"if","locations":[{"start":{"line":142,"column":6},"end":{"line":145,"column":7}},{"start":{},"end":{}}]},"9":{"loc":{"start":{"line":142,"column":10},"end":{"line":142,"column":74}},"type":"binary-expr","locations":[{"start":{"line":142,"column":10},"end":{"line":142,"column":31}},{"start":{"line":142,"column":35},"end":{"line":142,"column":74}}]},"10":{"loc":{"start":{"line":144,"column":35},"end":{"line":144,"column":83}},"type":"binary-expr","locations":[{"start":{"line":144,"column":35},"end":{"line":144,"column":56}},{"start":{"line":144,"column":60},"end":{"line":144,"column":83}}]},"11":{"loc":{"start":{"line":149,"column":4},"end":{"line":151,"column":5}},"type":"if","locations":[{"start":{"line":149,"column":4},"end":{"line":151,"column":5}},{"start":{},"end":{}}]},"12":{"loc":{"start":{"line":188,"column":4},"end":{"line":191,"column":5}},"type":"if","locations":[{"start":{"line":188,"column":4},"end":{"line":191,"column":5}},{"start":{},"end":{}}]},"13":{"loc":{"start":{"line":251,"column":4},"end":{"line":254,"column":5}},"type":"if","locations":[{"start":{"line":251,"column":4},"end":{"line":254,"column":5}},{"start":{},"end":{}}]},"14":{"loc":{"start":{"line":318,"column":4},"end":{"line":321,"column":5}},"type":"if","locations":[{"start":{"line":318,"column":4},"end":{"line":321,"column":5}},{"start":{},"end":{}}]},"15":{"loc":{"start":{"line":328,"column":23},"end":{"line":328,"column":61}},"type":"binary-expr","locations":[{"start":{"line":328,"column":23},"end":{"line":328,"column":44}},{"start":{"line":328,"column":48},"end":{"line":328,"column":61}}]},"16":{"loc":{"start":{"line":337,"column":23},"end":{"line":337,"column":61}},"type":"binary-expr","locations":[{"start":{"line":337,"column":23},"end":{"line":337,"column":44}},{"start":{"line":337,"column":48},"end":{"line":337,"column":61}}]},"17":{"loc":{"start":{"line":363,"column":23},"end":{"line":363,"column":41}},"type":"binary-expr","locations":[{"start":{"line":363,"column":23},"end":{"line":363,"column":27}},{"start":{"line":363,"column":31},"end":{"line":363,"column":41}}]},"18":{"loc":{"start":{"line":388,"column":4},"end":{"line":391,"column":5}},"type":"if","locations":[{"start":{"line":388,"column":4},"end":{"line":391,"column":5}},{"start":{},"end":{}}]},"19":{"loc":{"start":{"line":398,"column":25},"end":{"line":398,"column":63}},"type":"binary-expr","locations":[{"start":{"line":398,"column":25},"end":{"line":398,"column":46}},{"start":{"line":398,"column":50},"end":{"line":398,"column":63}}]},"20":{"loc":{"start":{"line":401,"column":8},"end":{"line":409,"column":9}},"type":"if","locations":[{"start":{"line":401,"column":8},"end":{"line":409,"column":9}},{"start":{},"end":{}}]},"21":{"loc":{"start":{"line":484,"column":9},"end":{"line":484,"column":32}},"type":"binary-expr","locations":[{"start":{"line":484,"column":9},"end":{"line":484,"column":25}},{"start":{"line":484,"column":29},"end":{"line":484,"column":32}}]},"22":{"loc":{"start":{"line":497,"column":9},"end":{"line":497,"column":39}},"type":"binary-expr","locations":[{"start":{"line":497,"column":9},"end":{"line":497,"column":29}},{"start":{"line":497,"column":33},"end":{"line":497,"column":39}}]},"23":{"loc":{"start":{"line":523,"column":4},"end":{"line":526,"column":5}},"type":"if","locations":[{"start":{"line":523,"column":4},"end":{"line":526,"column":5}},{"start":{},"end":{}}]},"24":{"loc":{"start":{"line":529,"column":4},"end":{"line":532,"column":5}},"type":"if","locations":[{"start":{"line":529,"column":4},"end":{"line":532,"column":5}},{"start":{},"end":{}}]},"25":{"loc":{"start":{"line":538,"column":20},"end":{"line":538,"column":58}},"type":"binary-expr","locations":[{"start":{"line":538,"column":20},"end":{"line":538,"column":41}},{"start":{"line":538,"column":45},"end":{"line":538,"column":58}}]},"26":{"loc":{"start":{"line":575,"column":4},"end":{"line":578,"column":5}},"type":"if","locations":[{"start":{"line":575,"column":4},"end":{"line":578,"column":5}},{"start":{},"end":{}}]},"27":{"loc":{"start":{"line":636,"column":4},"end":{"line":639,"column":5}},"type":"if","locations":[{"start":{"line":636,"column":4},"end":{"line":639,"column":5}},{"start":{},"end":{}}]},"28":{"loc":{"start":{"line":641,"column":28},"end":{"line":641,"column":83}},"type":"binary-expr","locations":[{"start":{"line":641,"column":28},"end":{"line":641,"column":57}},{"start":{"line":641,"column":61},"end":{"line":641,"column":83}}]},"29":{"loc":{"start":{"line":680,"column":4},"end":{"line":683,"column":5}},"type":"if","locations":[{"start":{"line":680,"column":4},"end":{"line":683,"column":5}},{"start":{},"end":{}}]}},"s":{"0":0,"1":0,"2":0,"3":0,"4":0,"5":0,"6":0,"7":0,"8":0,"9":0,"10":0,"11":0,"12":0,"13":0,"14":0,"15":0,"16":0,"17":0,"18":0,"19":0,"20":0,"21":0,"22":0,"23":0,"24":0,"25":0,"26":0,"27":0,"28":0,"29":0,"30":0,"31":0,"32":0,"33":0,"34":0,"35":0,"36":0,"37":0,"38":0,"39":0,"40":0,"41":0,"42":0,"43":0,"44":0,"45":0,"46":0,"47":0,"48":0,"49":0,"50":0,"51":0,"52":0,"53":0,"54":0,"55":0,"56":0,"57":0,"58":0,"59":0,"60":0,"61":0,"62":0,"63":0,"64":0,"65":0,"66":0,"67":0,"68":0,"69":0,"70":0,"71":0,"72":0,"73":0,"74":0,"75":0,"76":0,"77":0,"78":0,"79":0,"80":0,"81":0,"82":0,"83":0,"84":0,"85":0,"86":0,"87":0,"88":0,"89":0,"90":0,"91":0,"92":0,"93":0,"94":0,"95":0,"96":0,"97":0,"98":0,"99":0,"100":0,"101":0,"102":0,"103":0,"104":0,"105":0,"106":0,"107":0,"108":0,"109":0,"110":0,"111":0,"112":0,"113":0,"114":0,"115":0,"116":0,"117":0,"118":0,"119":0,"120":0,"121":0,"122":0,"123":0,"124":0,"125":0,"126":0,"127":0,"128":0,"129":0,"130":0,"131":0,"132":0,"133":0,"134":0,"135":0,"136":0,"137":0,"138":0,"139":0,"140":0,"141":0,"142":0,"143":0,"144":0,"145":0,"146":0,"147":0,"148":0,"149":0,"150":0,"151":0,"152":0,"153":0,"154":0,"155":0,"156":0,"157":0,"158":0,"159":0,"160":0,"161":0,"162":0,"163":0,"164":0,"165":0,"166":0,"167":0,"168":0,"169":0,"170":0,"171":0,"172":0,"173":0,"174":0,"175":0,"176":0,"177":0,"178":0,"179":0,"180":0,"181":0,"182":0,"183":0,"184":0,"185":0,"186":0,"187":0,"188":0,"189":0,"190":0,"191":0,"192":0,"193":0,"194":0,"195":0,"196":0,"197":0,"198":0,"199":0,"200":0,"201":0,"202":0,"203":0,"204":0,"205":0,"206":0,"207":0,"208":0,"209":0,"210":0,"211":0,"212":0,"213":0,"214":0,"215":0,"216":0,"217":0,"218":0,"219":0,"220":0,"221":0,"222":0,"223":0,"224":0,"225":0,"226":0,"227":0,"228":0,"229":0,"230":0,"231":0,"232":0,"233":0,"234":0},"f":{"0":0,"1":0,"2":0,"3":0,"4":0,"5":0,"6":0,"7":0,"8":0,"9":0,"10":0,"11":0,"12":0,"13":0,"14":0,"15":0,"16":0,"17":0,"18":0,"19":0,"20":0,"21":0,"22":0,"23":0,"24":0,"25":0},"b":{"0":[0,0],"1":[0,0],"2":[0,0],"3":[0,0],"4":[0,0],"5":[0,0],"6":[0,0],"7":[0,0],"8":[0,0],"9":[0,0],"10":[0,0],"11":[0,0],"12":[0,0],"13":[0,0],"14":[0,0],"15":[0,0],"16":[0,0],"17":[0,0],"18":[0,0],"19":[0,0],"20":[0,0],"21":[0,0],"22":[0,0],"23":[0,0],"24":[0,0],"25":[0,0],"26":[0,0],"27":[0,0],"28":[0,0],"29":[0,0]}}
,"C:\\Users\\muxammadali.ergashev\\Documents\\Projects\\manufacture management system\\src\\bot\\utils\\messages.ts": {"path":"C:\\Users\\muxammadali.ergashev\\Documents\\Projects\\manufacture management system\\src\\bot\\utils\\messages.ts","statementMap":{"0":{"start":{"line":3,"column":13},"end":{"line":43,"column":2}},"1":{"start":{"line":4,"column":29},"end":{"line":11,"column":null}}},"fnMap":{"0":{"name":"(anonymous_0)","decl":{"start":{"line":4,"column":11},"end":{"line":4,"column":12}},"loc":{"start":{"line":4,"column":29},"end":{"line":11,"column":null}}}},"branchMap":{},"s":{"0":0,"1":0},"f":{"0":0},"b":{}}
,"C:\\Users\\muxammadali.ergashev\\Documents\\Projects\\manufacture management system\\src\\bot\\utils\\userManager.ts": {"path":"C:\\Users\\muxammadali.ergashev\\Documents\\Projects\\manufacture management system\\src\\bot\\utils\\userManager.ts","statementMap":{"0":{"start":{"line":1,"column":0},"end":{"line":1,"column":56}},"1":{"start":{"line":2,"column":0},"end":{"line":2,"column":40}},"2":{"start":{"line":4,"column":15},"end":{"line":4,"column":33}},"3":{"start":{"line":14,"column":24},"end":{"line":24,"column":1}},"4":{"start":{"line":15,"column":2},"end":{"line":23,"column":3}},"5":{"start":{"line":16,"column":17},"end":{"line":18,"column":6}},"6":{"start":{"line":19,"column":4},"end":{"line":19,"column":16}},"7":{"start":{"line":21,"column":4},"end":{"line":21,"column":46}},"8":{"start":{"line":22,"column":4},"end":{"line":22,"column":16}},"9":{"start":{"line":14,"column":13},"end":{"line":14,"column":24}},"10":{"start":{"line":27,"column":26},"end":{"line":55,"column":1}},"11":{"start":{"line":35,"column":2},"end":{"line":54,"column":3}},"12":{"start":{"line":36,"column":17},"end":{"line":36,"column":84}},"13":{"start":{"line":38,"column":17},"end":{"line":47,"column":6}},"14":{"start":{"line":49,"column":4},"end":{"line":49,"column":85}},"15":{"start":{"line":50,"column":4},"end":{"line":50,"column":16}},"16":{"start":{"line":52,"column":4},"end":{"line":52,"column":48}},"17":{"start":{"line":53,"column":4},"end":{"line":53,"column":16}},"18":{"start":{"line":27,"column":13},"end":{"line":27,"column":26}},"19":{"start":{"line":58,"column":32},"end":{"line":61,"column":1}},"20":{"start":{"line":59,"column":15},"end":{"line":59,"column":46}},"21":{"start":{"line":60,"column":2},"end":{"line":60,"column":14}},"22":{"start":{"line":58,"column":13},"end":{"line":58,"column":32}},"23":{"start":{"line":64,"column":28},"end":{"line":74,"column":1}},"24":{"start":{"line":65,"column":2},"end":{"line":73,"column":3}},"25":{"start":{"line":66,"column":17},"end":{"line":68,"column":6}},"26":{"start":{"line":69,"column":4},"end":{"line":69,"column":35}},"27":{"start":{"line":71,"column":4},"end":{"line":71,"column":62}},"28":{"start":{"line":72,"column":4},"end":{"line":72,"column":17}},"29":{"start":{"line":64,"column":13},"end":{"line":64,"column":28}},"30":{"start":{"line":77,"column":27},"end":{"line":88,"column":1}},"31":{"start":{"line":78,"column":2},"end":{"line":87,"column":3}},"32":{"start":{"line":79,"column":17},"end":{"line":82,"column":6}},"33":{"start":{"line":83,"column":4},"end":{"line":83,"column":30}},"34":{"start":{"line":85,"column":4},"end":{"line":85,"column":52}},"35":{"start":{"line":86,"column":4},"end":{"line":86,"column":16}},"36":{"start":{"line":77,"column":13},"end":{"line":77,"column":27}},"37":{"start":{"line":91,"column":27},"end":{"line":110,"column":1}},"38":{"start":{"line":92,"column":2},"end":{"line":109,"column":3}},"39":{"start":{"line":93,"column":17},"end":{"line":104,"column":6}},"40":{"start":{"line":105,"column":4},"end":{"line":105,"column":16}},"41":{"start":{"line":107,"column":4},"end":{"line":107,"column":52}},"42":{"start":{"line":108,"column":4},"end":{"line":108,"column":16}},"43":{"start":{"line":91,"column":13},"end":{"line":91,"column":27}}},"fnMap":{"0":{"name":"(anonymous_1)","decl":{"start":{"line":14,"column":24},"end":{"line":14,"column":29}},"loc":{"start":{"line":14,"column":53},"end":{"line":24,"column":1}}},"1":{"name":"(anonymous_2)","decl":{"start":{"line":27,"column":26},"end":{"line":27,"column":31}},"loc":{"start":{"line":34,"column":4},"end":{"line":55,"column":1}}},"2":{"name":"(anonymous_3)","decl":{"start":{"line":58,"column":32},"end":{"line":58,"column":37}},"loc":{"start":{"line":58,"column":69},"end":{"line":61,"column":1}}},"3":{"name":"(anonymous_4)","decl":{"start":{"line":64,"column":28},"end":{"line":64,"column":33}},"loc":{"start":{"line":64,"column":57},"end":{"line":74,"column":1}}},"4":{"name":"(anonymous_5)","decl":{"start":{"line":77,"column":27},"end":{"line":77,"column":32}},"loc":{"start":{"line":77,"column":56},"end":{"line":88,"column":1}}},"5":{"name":"(anonymous_6)","decl":{"start":{"line":91,"column":27},"end":{"line":91,"column":32}},"loc":{"start":{"line":91,"column":56},"end":{"line":110,"column":1}}}},"branchMap":{"0":{"loc":{"start":{"line":36,"column":47},"end":{"line":36,"column":75}},"type":"binary-expr","locations":[{"start":{"line":36,"column":47},"end":{"line":36,"column":69}},{"start":{"line":36,"column":73},"end":{"line":36,"column":75}}]},"1":{"loc":{"start":{"line":69,"column":11},"end":{"line":69,"column":34}},"type":"binary-expr","locations":[{"start":{"line":69,"column":11},"end":{"line":69,"column":25}},{"start":{"line":69,"column":29},"end":{"line":69,"column":34}}]},"2":{"loc":{"start":{"line":83,"column":11},"end":{"line":83,"column":29}},"type":"binary-expr","locations":[{"start":{"line":83,"column":11},"end":{"line":83,"column":21}},{"start":{"line":83,"column":25},"end":{"line":83,"column":29}}]}},"s":{"0":0,"1":0,"2":0,"3":0,"4":0,"5":0,"6":0,"7":0,"8":0,"9":0,"10":0,"11":0,"12":0,"13":0,"14":0,"15":0,"16":0,"17":0,"18":0,"19":0,"20":0,"21":0,"22":0,"23":0,"24":0,"25":0,"26":0,"27":0,"28":0,"29":0,"30":0,"31":0,"32":0,"33":0,"34":0,"35":0,"36":0,"37":0,"38":0,"39":0,"40":0,"41":0,"42":0,"43":0},"f":{"0":0,"1":0,"2":0,"3":0,"4":0,"5":0},"b":{"0":[0,0],"1":[0,0],"2":[0,0]}}
,"C:\\Users\\muxammadali.ergashev\\Documents\\Projects\\manufacture management system\\src\\controllers\\authController.ts": {"path":"C:\\Users\\muxammadali.ergashev\\Documents\\Projects\\manufacture management system\\src\\controllers\\authController.ts","statementMap":{"0":{"start":{"line":2,"column":0},"end":{"line":2,"column":46}},"1":{"start":{"line":3,"column":0},"end":{"line":3,"column":58}},"2":{"start":{"line":4,"column":0},"end":{"line":4,"column":69}},"3":{"start":{"line":5,"column":0},"end":{"line":5,"column":45}},"4":{"start":{"line":6,"column":0},"end":{"line":6,"column":37}},"5":{"start":{"line":8,"column":15},"end":{"line":8,"column":33}},"6":{"start":{"line":11,"column":13},"end":{"line":65,"column":2}},"7":{"start":{"line":13,"column":27},"end":{"line":13,"column":35}},"8":{"start":{"line":15,"column":4},"end":{"line":17,"column":5}},"9":{"start":{"line":16,"column":6},"end":{"line":16,"column":66}},"10":{"start":{"line":20,"column":17},"end":{"line":31,"column":6}},"11":{"start":{"line":33,"column":4},"end":{"line":35,"column":5}},"12":{"start":{"line":34,"column":6},"end":{"line":34,"column":57}},"13":{"start":{"line":37,"column":4},"end":{"line":39,"column":5}},"14":{"start":{"line":38,"column":6},"end":{"line":38,"column":63}},"15":{"start":{"line":42,"column":18},"end":{"line":46,"column":6}},"16":{"start":{"line":48,"column":4},"end":{"line":48,"column":69}},"17":{"start":{"line":50,"column":4},"end":{"line":63,"column":7}},"18":{"start":{"line":68,"column":13},"end":{"line":86,"column":2}},"19":{"start":{"line":70,"column":4},"end":{"line":72,"column":5}},"20":{"start":{"line":71,"column":6},"end":{"line":71,"column":71}},"21":{"start":{"line":74,"column":4},"end":{"line":84,"column":7}}},"fnMap":{"0":{"name":"(anonymous_1)","decl":{"start":{"line":12,"column":2},"end":{"line":12,"column":7}},"loc":{"start":{"line":12,"column":60},"end":{"line":64,"column":3}}},"1":{"name":"(anonymous_2)","decl":{"start":{"line":69,"column":2},"end":{"line":69,"column":7}},"loc":{"start":{"line":69,"column":60},"end":{"line":85,"column":3}}}},"branchMap":{"0":{"loc":{"start":{"line":15,"column":4},"end":{"line":17,"column":5}},"type":"if","locations":[{"start":{"line":15,"column":4},"end":{"line":17,"column":5}},{"start":{},"end":{}}]},"1":{"loc":{"start":{"line":33,"column":4},"end":{"line":35,"column":5}},"type":"if","locations":[{"start":{"line":33,"column":4},"end":{"line":35,"column":5}},{"start":{},"end":{}}]},"2":{"loc":{"start":{"line":37,"column":4},"end":{"line":39,"column":5}},"type":"if","locations":[{"start":{"line":37,"column":4},"end":{"line":39,"column":5}},{"start":{},"end":{}}]},"3":{"loc":{"start":{"line":70,"column":4},"end":{"line":72,"column":5}},"type":"if","locations":[{"start":{"line":70,"column":4},"end":{"line":72,"column":5}},{"start":{},"end":{}}]}},"s":{"0":1,"1":1,"2":1,"3":1,"4":1,"5":1,"6":1,"7":4,"8":4,"9":0,"10":4,"11":4,"12":1,"13":3,"14":1,"15":2,"16":2,"17":2,"18":1,"19":4,"20":0,"21":4},"f":{"0":4,"1":4},"b":{"0":[0,4],"1":[1,3],"2":[1,2],"3":[0,4]}}
,"C:\\Users\\muxammadali.ergashev\\Documents\\Projects\\manufacture management system\\src\\controllers\\notificationController.ts": {"path":"C:\\Users\\muxammadali.ergashev\\Documents\\Projects\\manufacture management system\\src\\controllers\\notificationController.ts","statementMap":{"0":{"start":{"line":2,"column":0},"end":{"line":2,"column":46}},"1":{"start":{"line":3,"column":0},"end":{"line":3,"column":58}},"2":{"start":{"line":4,"column":0},"end":{"line":4,"column":68}},"3":{"start":{"line":5,"column":0},"end":{"line":5,"column":37}},"4":{"start":{"line":7,"column":15},"end":{"line":7,"column":33}},"5":{"start":{"line":10,"column":13},"end":{"line":40,"column":2}},"6":{"start":{"line":12,"column":17},"end":{"line":12,"column":26}},"7":{"start":{"line":13,"column":35},"end":{"line":13,"column":44}},"8":{"start":{"line":15,"column":26},"end":{"line":22,"column":6}},"9":{"start":{"line":24,"column":24},"end":{"line":29,"column":6}},"10":{"start":{"line":31,"column":4},"end":{"line":38,"column":7}},"11":{"start":{"line":43,"column":13},"end":{"line":66,"column":2}},"12":{"start":{"line":45,"column":19},"end":{"line":45,"column":29}},"13":{"start":{"line":46,"column":17},"end":{"line":46,"column":26}},"14":{"start":{"line":48,"column":25},"end":{"line":50,"column":6}},"15":{"start":{"line":52,"column":4},"end":{"line":54,"column":5}},"16":{"start":{"line":53,"column":6},"end":{"line":53,"column":53}},"17":{"start":{"line":57,"column":4},"end":{"line":59,"column":5}},"18":{"start":{"line":58,"column":6},"end":{"line":58,"column":82}},"19":{"start":{"line":61,"column":4},"end":{"line":64,"column":7}},"20":{"start":{"line":69,"column":13},"end":{"line":97,"column":2}},"21":{"start":{"line":71,"column":19},"end":{"line":71,"column":29}},"22":{"start":{"line":72,"column":17},"end":{"line":72,"column":26}},"23":{"start":{"line":74,"column":25},"end":{"line":76,"column":6}},"24":{"start":{"line":78,"column":4},"end":{"line":80,"column":5}},"25":{"start":{"line":79,"column":6},"end":{"line":79,"column":53}},"26":{"start":{"line":82,"column":4},"end":{"line":84,"column":5}},"27":{"start":{"line":83,"column":6},"end":{"line":83,"column":90}},"28":{"start":{"line":86,"column":32},"end":{"line":89,"column":6}},"29":{"start":{"line":91,"column":4},"end":{"line":95,"column":7}},"30":{"start":{"line":100,"column":13},"end":{"line":120,"column":2}},"31":{"start":{"line":102,"column":17},"end":{"line":102,"column":26}},"32":{"start":{"line":104,"column":19},"end":{"line":110,"column":6}},"33":{"start":{"line":112,"column":4},"end":{"line":112,"column":82}},"34":{"start":{"line":114,"column":4},"end":{"line":118,"column":7}},"35":{"start":{"line":123,"column":13},"end":{"line":149,"column":2}},"36":{"start":{"line":125,"column":19},"end":{"line":125,"column":29}},"37":{"start":{"line":126,"column":17},"end":{"line":126,"column":26}},"38":{"start":{"line":128,"column":25},"end":{"line":130,"column":6}},"39":{"start":{"line":132,"column":4},"end":{"line":134,"column":5}},"40":{"start":{"line":133,"column":6},"end":{"line":133,"column":53}},"41":{"start":{"line":136,"column":4},"end":{"line":138,"column":5}},"42":{"start":{"line":137,"column":6},"end":{"line":137,"column":84}},"43":{"start":{"line":140,"column":4},"end":{"line":142,"column":7}},"44":{"start":{"line":144,"column":4},"end":{"line":147,"column":7}},"45":{"start":{"line":152,"column":13},"end":{"line":168,"column":2}},"46":{"start":{"line":154,"column":17},"end":{"line":154,"column":26}},"47":{"start":{"line":156,"column":19},"end":{"line":158,"column":6}},"48":{"start":{"line":160,"column":4},"end":{"line":160,"column":75}},"49":{"start":{"line":162,"column":4},"end":{"line":166,"column":7}}},"fnMap":{"0":{"name":"(anonymous_1)","decl":{"start":{"line":11,"column":2},"end":{"line":11,"column":7}},"loc":{"start":{"line":11,"column":60},"end":{"line":39,"column":3}}},"1":{"name":"(anonymous_2)","decl":{"start":{"line":44,"column":2},"end":{"line":44,"column":7}},"loc":{"start":{"line":44,"column":60},"end":{"line":65,"column":3}}},"2":{"name":"(anonymous_3)","decl":{"start":{"line":70,"column":2},"end":{"line":70,"column":7}},"loc":{"start":{"line":70,"column":60},"end":{"line":96,"column":3}}},"3":{"name":"(anonymous_4)","decl":{"start":{"line":101,"column":2},"end":{"line":101,"column":7}},"loc":{"start":{"line":101,"column":60},"end":{"line":119,"column":3}}},"4":{"name":"(anonymous_5)","decl":{"start":{"line":124,"column":2},"end":{"line":124,"column":7}},"loc":{"start":{"line":124,"column":60},"end":{"line":148,"column":3}}},"5":{"name":"(anonymous_6)","decl":{"start":{"line":153,"column":2},"end":{"line":153,"column":7}},"loc":{"start":{"line":153,"column":60},"end":{"line":167,"column":3}}}},"branchMap":{"0":{"loc":{"start":{"line":13,"column":20},"end":{"line":13,"column":30}},"type":"default-arg","locations":[{"start":{"line":13,"column":28},"end":{"line":13,"column":30}}]},"1":{"loc":{"start":{"line":18,"column":12},"end":{"line":18,"column":65}},"type":"binary-expr","locations":[{"start":{"line":18,"column":12},"end":{"line":18,"column":32}},{"start":{"line":18,"column":36},"end":{"line":18,"column":65}}]},"2":{"loc":{"start":{"line":52,"column":4},"end":{"line":54,"column":5}},"type":"if","locations":[{"start":{"line":52,"column":4},"end":{"line":54,"column":5}},{"start":{},"end":{}}]},"3":{"loc":{"start":{"line":57,"column":4},"end":{"line":59,"column":5}},"type":"if","locations":[{"start":{"line":57,"column":4},"end":{"line":59,"column":5}},{"start":{},"end":{}}]},"4":{"loc":{"start":{"line":78,"column":4},"end":{"line":80,"column":5}},"type":"if","locations":[{"start":{"line":78,"column":4},"end":{"line":80,"column":5}},{"start":{},"end":{}}]},"5":{"loc":{"start":{"line":82,"column":4},"end":{"line":84,"column":5}},"type":"if","locations":[{"start":{"line":82,"column":4},"end":{"line":84,"column":5}},{"start":{},"end":{}}]},"6":{"loc":{"start":{"line":132,"column":4},"end":{"line":134,"column":5}},"type":"if","locations":[{"start":{"line":132,"column":4},"end":{"line":134,"column":5}},{"start":{},"end":{}}]},"7":{"loc":{"start":{"line":136,"column":4},"end":{"line":138,"column":5}},"type":"if","locations":[{"start":{"line":136,"column":4},"end":{"line":138,"column":5}},{"start":{},"end":{}}]}},"s":{"0":1,"1":1,"2":1,"3":1,"4":1,"5":1,"6":4,"7":4,"8":4,"9":4,"10":4,"11":1,"12":0,"13":0,"14":0,"15":0,"16":0,"17":0,"18":0,"19":0,"20":1,"21":3,"22":3,"23":3,"24":3,"25":1,"26":2,"27":1,"28":1,"29":1,"30":1,"31":0,"32":0,"33":0,"34":0,"35":1,"36":3,"37":3,"38":3,"39":3,"40":1,"41":2,"42":1,"43":1,"44":1,"45":1,"46":0,"47":0,"48":0,"49":0},"f":{"0":4,"1":0,"2":3,"3":0,"4":3,"5":0},"b":{"0":[4],"1":[4,1],"2":[0,0],"3":[0,0],"4":[1,2],"5":[1,1],"6":[1,2],"7":[1,1]}}
,"C:\\Users\\muxammadali.ergashev\\Documents\\Projects\\manufacture management system\\src\\controllers\\orderController.ts": {"path":"C:\\Users\\muxammadali.ergashev\\Documents\\Projects\\manufacture management system\\src\\controllers\\orderController.ts","statementMap":{"0":{"start":{"line":2,"column":0},"end":{"line":2,"column":59}},"1":{"start":{"line":3,"column":0},"end":{"line":3,"column":58}},"2":{"start":{"line":4,"column":0},"end":{"line":4,"column":85}},"3":{"start":{"line":5,"column":0},"end":{"line":5,"column":37}},"4":{"start":{"line":7,"column":15},"end":{"line":7,"column":33}},"5":{"start":{"line":10,"column":28},"end":{"line":17,"column":1}},"6":{"start":{"line":11,"column":15},"end":{"line":11,"column":25}},"7":{"start":{"line":12,"column":15},"end":{"line":12,"column":33}},"8":{"start":{"line":13,"column":16},"end":{"line":13,"column":60}},"9":{"start":{"line":14,"column":14},"end":{"line":14,"column":53}},"10":{"start":{"line":15,"column":17},"end":{"line":15,"column":78}},"11":{"start":{"line":16,"column":2},"end":{"line":16,"column":47}},"12":{"start":{"line":20,"column":13},"end":{"line":75,"column":2}},"13":{"start":{"line":22,"column":43},"end":{"line":22,"column":52}},"14":{"start":{"line":23,"column":17},"end":{"line":23,"column":26}},"15":{"start":{"line":26,"column":32},"end":{"line":34,"column":6}},"16":{"start":{"line":36,"column":4},"end":{"line":38,"column":5}},"17":{"start":{"line":37,"column":6},"end":{"line":37,"column":45}},"18":{"start":{"line":40,"column":19},"end":{"line":65,"column":6}},"19":{"start":{"line":67,"column":4},"end":{"line":73,"column":7}},"20":{"start":{"line":78,"column":13},"end":{"line":134,"column":2}},"21":{"start":{"line":80,"column":19},"end":{"line":80,"column":29}},"22":{"start":{"line":81,"column":17},"end":{"line":81,"column":26}},"23":{"start":{"line":83,"column":18},"end":{"line":118,"column":6}},"24":{"start":{"line":120,"column":4},"end":{"line":122,"column":5}},"25":{"start":{"line":121,"column":6},"end":{"line":121,"column":52}},"26":{"start":{"line":125,"column":4},"end":{"line":127,"column":5}},"27":{"start":{"line":126,"column":6},"end":{"line":126,"column":81}},"28":{"start":{"line":129,"column":4},"end":{"line":132,"column":7}},"29":{"start":{"line":137,"column":13},"end":{"line":202,"column":2}},"30":{"start":{"line":139,"column":54},"end":{"line":139,"column":62}},"31":{"start":{"line":140,"column":17},"end":{"line":140,"column":26}},"32":{"start":{"line":143,"column":26},"end":{"line":143,"column":88}},"33":{"start":{"line":145,"column":4},"end":{"line":147,"column":5}},"34":{"start":{"line":146,"column":6},"end":{"line":146,"column":66}},"35":{"start":{"line":149,"column":4},"end":{"line":151,"column":5}},"36":{"start":{"line":150,"column":6},"end":{"line":150,"column":73}},"37":{"start":{"line":154,"column":24},"end":{"line":154,"column":45}},"38":{"start":{"line":157,"column":18},"end":{"line":182,"column":6}},"39":{"start":{"line":166,"column":44},"end":{"line":172,"column":12}},"40":{"start":{"line":185,"column":4},"end":{"line":192,"column":7}},"41":{"start":{"line":194,"column":4},"end":{"line":194,"column":71}},"42":{"start":{"line":196,"column":4},"end":{"line":200,"column":7}},"43":{"start":{"line":205,"column":13},"end":{"line":254,"column":2}},"44":{"start":{"line":207,"column":19},"end":{"line":207,"column":29}},"45":{"start":{"line":208,"column":54},"end":{"line":208,"column":62}},"46":{"start":{"line":209,"column":17},"end":{"line":209,"column":26}},"47":{"start":{"line":211,"column":26},"end":{"line":213,"column":6}},"48":{"start":{"line":215,"column":4},"end":{"line":217,"column":5}},"49":{"start":{"line":216,"column":6},"end":{"line":216,"column":52}},"50":{"start":{"line":220,"column":4},"end":{"line":227,"column":5}},"51":{"start":{"line":221,"column":6},"end":{"line":223,"column":7}},"52":{"start":{"line":222,"column":8},"end":{"line":222,"column":85}},"53":{"start":{"line":224,"column":6},"end":{"line":226,"column":7}},"54":{"start":{"line":225,"column":8},"end":{"line":225,"column":104}},"55":{"start":{"line":230,"column":18},"end":{"line":244,"column":6}},"56":{"start":{"line":246,"column":4},"end":{"line":246,"column":71}},"57":{"start":{"line":248,"column":4},"end":{"line":252,"column":7}},"58":{"start":{"line":257,"column":13},"end":{"line":303,"column":2}},"59":{"start":{"line":259,"column":19},"end":{"line":259,"column":29}},"60":{"start":{"line":260,"column":30},"end":{"line":260,"column":38}},"61":{"start":{"line":261,"column":17},"end":{"line":261,"column":26}},"62":{"start":{"line":263,"column":18},"end":{"line":265,"column":6}},"63":{"start":{"line":267,"column":4},"end":{"line":269,"column":5}},"64":{"start":{"line":268,"column":6},"end":{"line":268,"column":52}},"65":{"start":{"line":272,"column":25},"end":{"line":283,"column":6}},"66":{"start":{"line":286,"column":4},"end":{"line":293,"column":7}},"67":{"start":{"line":295,"column":4},"end":{"line":295,"column":91}},"68":{"start":{"line":297,"column":4},"end":{"line":301,"column":7}},"69":{"start":{"line":306,"column":13},"end":{"line":340,"column":2}},"70":{"start":{"line":308,"column":19},"end":{"line":308,"column":29}},"71":{"start":{"line":309,"column":17},"end":{"line":309,"column":26}},"72":{"start":{"line":311,"column":18},"end":{"line":313,"column":6}},"73":{"start":{"line":315,"column":4},"end":{"line":317,"column":5}},"74":{"start":{"line":316,"column":6},"end":{"line":316,"column":52}},"75":{"start":{"line":320,"column":4},"end":{"line":322,"column":5}},"76":{"start":{"line":321,"column":6},"end":{"line":321,"column":89}},"77":{"start":{"line":325,"column":4},"end":{"line":327,"column":5}},"78":{"start":{"line":326,"column":6},"end":{"line":326,"column":83}},"79":{"start":{"line":329,"column":4},"end":{"line":331,"column":7}},"80":{"start":{"line":333,"column":4},"end":{"line":333,"column":71}},"81":{"start":{"line":335,"column":4},"end":{"line":338,"column":7}},"82":{"start":{"line":343,"column":13},"end":{"line":407,"column":2}},"83":{"start":{"line":345,"column":32},"end":{"line":345,"column":42}},"84":{"start":{"line":346,"column":51},"end":{"line":346,"column":59}},"85":{"start":{"line":347,"column":17},"end":{"line":347,"column":26}},"86":{"start":{"line":350,"column":18},"end":{"line":362,"column":6}},"87":{"start":{"line":364,"column":4},"end":{"line":366,"column":5}},"88":{"start":{"line":365,"column":6},"end":{"line":365,"column":52}},"89":{"start":{"line":368,"column":17},"end":{"line":368,"column":57}},"90":{"start":{"line":368,"column":41},"end":{"line":368,"column":56}},"91":{"start":{"line":369,"column":4},"end":{"line":371,"column":5}},"92":{"start":{"line":370,"column":6},"end":{"line":370,"column":57}},"93":{"start":{"line":374,"column":24},"end":{"line":383,"column":6}},"94":{"start":{"line":386,"column":4},"end":{"line":395,"column":7}},"95":{"start":{"line":397,"column":4},"end":{"line":399,"column":6}},"96":{"start":{"line":401,"column":4},"end":{"line":405,"column":7}},"97":{"start":{"line":410,"column":13},"end":{"line":443,"column":2}},"98":{"start":{"line":412,"column":24},"end":{"line":412,"column":34}},"99":{"start":{"line":413,"column":17},"end":{"line":413,"column":26}},"100":{"start":{"line":415,"column":18},"end":{"line":424,"column":6}},"101":{"start":{"line":426,"column":4},"end":{"line":428,"column":5}},"102":{"start":{"line":427,"column":6},"end":{"line":427,"column":52}},"103":{"start":{"line":431,"column":4},"end":{"line":433,"column":5}},"104":{"start":{"line":432,"column":6},"end":{"line":432,"column":81}},"105":{"start":{"line":435,"column":4},"end":{"line":441,"column":7}}},"fnMap":{"0":{"name":"(anonymous_1)","decl":{"start":{"line":10,"column":28},"end":{"line":10,"column":39}},"loc":{"start":{"line":10,"column":41},"end":{"line":17,"column":1}}},"1":{"name":"(anonymous_2)","decl":{"start":{"line":21,"column":2},"end":{"line":21,"column":7}},"loc":{"start":{"line":21,"column":60},"end":{"line":74,"column":3}}},"2":{"name":"(anonymous_3)","decl":{"start":{"line":79,"column":2},"end":{"line":79,"column":7}},"loc":{"start":{"line":79,"column":60},"end":{"line":133,"column":3}}},"3":{"name":"(anonymous_4)","decl":{"start":{"line":138,"column":2},"end":{"line":138,"column":7}},"loc":{"start":{"line":138,"column":60},"end":{"line":201,"column":3}}},"4":{"name":"(anonymous_5)","decl":{"start":{"line":166,"column":28},"end":{"line":166,"column":29}},"loc":{"start":{"line":166,"column":44},"end":{"line":172,"column":12}}},"5":{"name":"(anonymous_6)","decl":{"start":{"line":206,"column":2},"end":{"line":206,"column":7}},"loc":{"start":{"line":206,"column":60},"end":{"line":253,"column":3}}},"6":{"name":"(anonymous_7)","decl":{"start":{"line":258,"column":2},"end":{"line":258,"column":7}},"loc":{"start":{"line":258,"column":60},"end":{"line":302,"column":3}}},"7":{"name":"(anonymous_8)","decl":{"start":{"line":307,"column":2},"end":{"line":307,"column":7}},"loc":{"start":{"line":307,"column":60},"end":{"line":339,"column":3}}},"8":{"name":"(anonymous_9)","decl":{"start":{"line":344,"column":2},"end":{"line":344,"column":7}},"loc":{"start":{"line":344,"column":60},"end":{"line":406,"column":3}}},"9":{"name":"(anonymous_10)","decl":{"start":{"line":368,"column":34},"end":{"line":368,"column":35}},"loc":{"start":{"line":368,"column":41},"end":{"line":368,"column":56}}},"10":{"name":"(anonymous_11)","decl":{"start":{"line":411,"column":2},"end":{"line":411,"column":7}},"loc":{"start":{"line":411,"column":60},"end":{"line":442,"column":3}}}},"branchMap":{"0":{"loc":{"start":{"line":27,"column":10},"end":{"line":27,"column":53}},"type":"binary-expr","locations":[{"start":{"line":27,"column":10},"end":{"line":27,"column":16}},{"start":{"line":27,"column":20},"end":{"line":27,"column":53}}]},"1":{"loc":{"start":{"line":28,"column":10},"end":{"line":33,"column":8}},"type":"binary-expr","locations":[{"start":{"line":28,"column":10},"end":{"line":28,"column":19}},{"start":{"line":28,"column":23},"end":{"line":28,"column":30}},{"start":{"line":28,"column":34},"end":{"line":33,"column":8}}]},"2":{"loc":{"start":{"line":36,"column":4},"end":{"line":38,"column":5}},"type":"if","locations":[{"start":{"line":36,"column":4},"end":{"line":38,"column":5}},{"start":{},"end":{}}]},"3":{"loc":{"start":{"line":120,"column":4},"end":{"line":122,"column":5}},"type":"if","locations":[{"start":{"line":120,"column":4},"end":{"line":122,"column":5}},{"start":{},"end":{}}]},"4":{"loc":{"start":{"line":125,"column":4},"end":{"line":127,"column":5}},"type":"if","locations":[{"start":{"line":125,"column":4},"end":{"line":127,"column":5}},{"start":{},"end":{}}]},"5":{"loc":{"start":{"line":125,"column":8},"end":{"line":125,"column":70}},"type":"binary-expr","locations":[{"start":{"line":125,"column":8},"end":{"line":125,"column":35}},{"start":{"line":125,"column":39},"end":{"line":125,"column":70}}]},"6":{"loc":{"start":{"line":143,"column":26},"end":{"line":143,"column":88}},"type":"cond-expr","locations":[{"start":{"line":143,"column":56},"end":{"line":143,"column":63}},{"start":{"line":143,"column":66},"end":{"line":143,"column":88}}]},"7":{"loc":{"start":{"line":145,"column":4},"end":{"line":147,"column":5}},"type":"if","locations":[{"start":{"line":145,"column":4},"end":{"line":147,"column":5}},{"start":{},"end":{}}]},"8":{"loc":{"start":{"line":149,"column":4},"end":{"line":151,"column":5}},"type":"if","locations":[{"start":{"line":149,"column":4},"end":{"line":151,"column":5}},{"start":{},"end":{}}]},"9":{"loc":{"start":{"line":149,"column":8},"end":{"line":149,"column":36}},"type":"binary-expr","locations":[{"start":{"line":149,"column":8},"end":{"line":149,"column":14}},{"start":{"line":149,"column":18},"end":{"line":149,"column":36}}]},"10":{"loc":{"start":{"line":215,"column":4},"end":{"line":217,"column":5}},"type":"if","locations":[{"start":{"line":215,"column":4},"end":{"line":217,"column":5}},{"start":{},"end":{}}]},"11":{"loc":{"start":{"line":220,"column":4},"end":{"line":227,"column":5}},"type":"if","locations":[{"start":{"line":220,"column":4},"end":{"line":227,"column":5}},{"start":{},"end":{}}]},"12":{"loc":{"start":{"line":221,"column":6},"end":{"line":223,"column":7}},"type":"if","locations":[{"start":{"line":221,"column":6},"end":{"line":223,"column":7}},{"start":{},"end":{}}]},"13":{"loc":{"start":{"line":224
[...]
,"C:\\Users\\muxammadali.ergashev\\Documents\\Projects\\manufacture management system\\src\\middleware\\validate.ts": {"path":"C:\\Users\\muxammadali.ergashev\\Documents\\Projects\\manufacture management system\\src\\middleware\\validate.ts","statementMap":{"0":{"start":{"line":2,"column":0},"end":{"line":2,"column":42}},"1":{"start":{"line":4,"column":24},"end":{"line":32,"column":1}},"2":{"start":{"line":5,"column":2},"end":{"line":31,"column":4}},"3":{"start":{"line":6,"column":4},"end":{"line":30,"column":5}},"4":{"start":{"line":7,"column":6},"end":{"line":11,"column":9}},"5":{"start":{"line":12,"column":6},"end":{"line":12,"column":13}},"6":{"start":{"line":14,"column":6},"end":{"line":28,"column":7}},"7":{"start":{"line":15,"column":30},"end":{"line":18,"column":11}},"8":{"start":{"line":15,"column":59},"end":{"line":18,"column":10}},"9":{"start":{"line":20,"column":8},"end":{"line":27,"column":11}},"10":{"start":{"line":29,"column":6},"end":{"line":29,"column":18}},"11":{"start":{"line":4,"column":13},"end":{"line":4,"column":24}}},"fnMap":{"0":{"name":"(anonymous_0)","decl":{"start":{"line":4,"column":24},"end":{"line":4,"column":25}},"loc":{"start":{"line":4,"column":46},"end":{"line":32,"column":1}}},"1":{"name":"(anonymous_1)","decl":{"start":{"line":5,"column":9},"end":{"line":5,"column":10}},"loc":{"start":{"line":5,"column":61},"end":{"line":31,"column":3}}},"2":{"name":"(anonymous_2)","decl":{"start":{"line":15,"column":47},"end":{"line":15,"column":48}},"loc":{"start":{"line":15,"column":59},"end":{"line":18,"column":10}}}},"branchMap":{"0":{"loc":{"start":{"line":14,"column":6},"end":{"line":28,"column":7}},"type":"if","locations":[{"start":{"line":14,"column":6},"end":{"line":28,"column":7}},{"start":{},"end":{}}]}},"s":{"0":1,"1":1,"2":3,"3":2,"4":2,"5":0,"6":2,"7":2,"8":8,"9":2,"10":0,"11":1},"f":{"0":3,"1":2,"2":8},"b":{"0":[2,0]}}
,"C:\\Users\\muxammadali.ergashev\\Documents\\Projects\\manufacture management system\\src\\routes\\authRoutes.ts": {"path":"C:\\Users\\muxammadali.ergashev\\Documents\\Projects\\manufacture management system\\src\\routes\\authRoutes.ts","statementMap":{"0":{"start":{"line":1,"column":0},"end":{"line":1,"column":33}},"1":{"start":{"line":2,"column":0},"end":{"line":2,"column":82}},"2":{"start":{"line":3,"column":0},"end":{"line":3,"column":50}},"3":{"start":{"line":5,"column":15},"end":{"line":5,"column":23}},"4":{"start":{"line":8,"column":0},"end":{"line":8,"column":41}},"5":{"start":{"line":11,"column":0},"end":{"line":11,"column":48}},"6":{"start":{"line":13,"column":0},"end":{"line":13,"column":22}}},"fnMap":{},"branchMap":{},"s":{"0":0,"1":0,"2":0,"3":0,"4":0,"5":0,"6":0},"f":{},"b":{}}
,"C:\\Users\\muxammadali.ergashev\\Documents\\Projects\\manufacture management system\\src\\routes\\notificationRoutes.ts": {"path":"C:\\Users\\muxammadali.ergashev\\Documents\\Projects\\manufacture management system\\src\\routes\\notificationRoutes.ts","statementMap":{"0":{"start":{"line":1,"column":0},"end":{"line":1,"column":33}},"1":{"start":{"line":2,"column":0},"end":{"line":2,"column":null}},"2":{"start":{"line":10,"column":0},"end":{"line":10,"column":50}},"3":{"start":{"line":12,"column":15},"end":{"line":12,"column":23}},"4":{"start":{"line":15,"column":0},"end":{"line":15,"column":52}},"5":{"start":{"line":18,"column":0},"end":{"line":18,"column":54}},"6":{"start":{"line":21,"column":0},"end":{"line":21,"column":52}},"7":{"start":{"line":24,"column":0},"end":{"line":24,"column":55}},"8":{"start":{"line":27,"column":0},"end":{"line":27,"column":56}},"9":{"start":{"line":30,"column":0},"end":{"line":30,"column":57}},"10":{"start":{"line":32,"column":0},"end":{"line":32,"column":22}}},"fnMap":{},"branchMap":{},"s":{"0":0,"1":0,"2":0,"3":0,"4":0,"5":0,"6":0,"7":0,"8":0,"9":0,"10":0},"f":{},"b":{}}
,"C:\\Users\\muxammadali.ergashev\\Documents\\Projects\\manufacture management system\\src\\routes\\orderRoutes.ts": {"path":"C:\\Users\\muxammadali.ergashev\\Documents\\Projects\\manufacture management system\\src\\routes\\orderRoutes.ts","statementMap":{"0":{"start":{"line":1,"column":0},"end":{"line":1,"column":33}},"1":{"start":{"line":2,"column":0},"end":{"line":2,"column":null}},"2":{"start":{"line":12,"column":0},"end":{"line":12,"column":61}},"3":{"start":{"line":13,"column":0},"end":{"line":13,"column":50}},"4":{"start":{"line":14,"column":0},"end":{"line":14,"column":null}},"5":{"start":{"line":20,"column":15},"end":{"line":20,"column":23}},"6":{"start":{"line":23,"column":0},"end":{"line":23,"column":44}},"7":{"start":{"line":26,"column":0},"end":{"line":26,"column":47}},"8":{"start":{"line":29,"column":0},"end":{"line":34,"column":2}},"9":{"start":{"line":37,"column":0},"end":{"line":37,"column":46}},"10":{"start":{"line":40,"column":0},"end":{"line":46,"column":2}},"11":{"start":{"line":49,"column":0},"end":{"line":49,"column":49}},"12":{"start":{"line":52,"column":0},"end":{"line":52,"column":59}},"13":{"start":{"line":55,"column":0},"end":{"line":61,"column":2}},"14":{"start":{"line":63,"column":0},"end":{"line":63,"column":22}}},"fnMap":{},"branchMap":{},"s":{"0":1,"1":1,"2":1,"3":1,"4":1,"5":1,"6":1,"7":1,"8":1,"9":1,"10":1,"11":1,"12":1,"13":1,"14":1},"f":{},"b":{}}
,"C:\\Users\\muxammadali.ergashev\\Documents\\Projects\\manufacture management system\\src\\routes\\productRoutes.ts": {"path":"C:\\Users\\muxammadali.ergashev\\Documents\\Projects\\manufacture management system\\src\\routes\\productRoutes.ts","statementMap":{"0":{"start":{"line":1,"column":0},"end":{"line":1,"column":33}},"1":{"start":{"line":2,"column":0},"end":{"line":2,"column":null}},"2":{"start":{"line":9,"column":0},"end":{"line":9,"column":61}},"3":{"start":{"line":10,"column":0},"end":{"line":10,"column":50}},"4":{"start":{"line":11,"column":0},"end":{"line":11,"column":58}},"5":{"start":{"line":13,"column":15},"end":{"line":13,"column":23}},"6":{"start":{"line":16,"column":0},"end":{"line":16,"column":46}},"7":{"start":{"line":19,"column":0},"end":{"line":19,"column":49}},"8":{"start":{"line":22,"column":0},"end":{"line":28,"column":2}},"9":{"start":{"line":31,"column":0},"end":{"line":36,"column":2}},"10":{"start":{"line":39,"column":0},"end":{"line":44,"column":2}},"11":{"start":{"line":46,"column":0},"end":{"line":46,"column":22}}},"fnMap":{},"branchMap":{},"s":{"0":0,"1":0,"2":0,"3":0,"4":0,"5":0,"6":0,"7":0,"8":0,"9":0,"10":0,"11":0},"f":{},"b":{}}
,"C:\\Users\\muxammadali.ergashev\\Documents\\Projects\\manufacture management system\\src\\routes\\productionRoutes.ts": {"path":"C:\\Users\\muxammadali.ergashev\\Documents\\Projects\\manufacture management system\\src\\routes\\productionRoutes.ts","statementMap":{"0":{"start":{"line":1,"column":0},"end":{"line":1,"column":33}},"1":{"start":{"line":2,"column":0},"end":{"line":2,"column":null}},"2":{"start":{"line":9,"column":0},"end":{"line":9,"column":61}},"3":{"start":{"line":11,"column":15},"end":{"line":11,"column":23}},"4":{"start":{"line":14,"column":0},"end":{"line":14,"column":84}},"5":{"start":{"line":17,"column":0},"end":{"line":17,"column":87}},"6":{"start":{"line":20,"column":0},"end":{"line":20,"column":83}},"7":{"start":{"line":23,"column":0},"end":{"line":23,"column":86}},"8":{"start":{"line":26,"column":0},"end":{"line":26,"column":86}},"9":{"start":{"line":28,"column":0},"end":{"line":28,"column":22}}},"fnMap":{},"branchMap":{},"s":{"0":0,"1":0,"2":0,"3":0,"4":0,"5":0,"6":0,"7":0,"8":0,"9":0},"f":{},"b":{}}
,"C:\\Users\\muxammadali.ergashev\\Documents\\Projects\\manufacture management system\\src\\utils\\errors.ts": {"path":"C:\\Users\\muxammadali.ergashev\\Documents\\Projects\\manufacture management system\\src\\utils\\errors.ts","statementMap":{"0":{"start":{"line":6,"column":4},"end":{"line":6,"column":19}},"1":{"start":{"line":7,"column":4},"end":{"line":7,"column":33}},"2":{"start":{"line":8,"column":4},"end":{"line":8,"column":30}},"3":{"start":{"line":10,"column":4},"end":{"line":10,"column":52}},"4":{"start":{"line":1,"column":0},"end":{"line":1,"column":13}},"5":{"start":{"line":16,"column":4},"end":{"line":16,"column":24}},"6":{"start":{"line":14,"column":0},"end":{"line":14,"column":13}},"7":{"start":{"line":22,"column":4},"end":{"line":22,"column":24}},"8":{"start":{"line":20,"column":0},"end":{"line":20,"column":13}},"9":{"start":{"line":28,"column":4},"end":{"line":28,"column":24}},"10":{"start":{"line":26,"column":0},"end":{"line":26,"column":13}},"11":{"start":{"line":34,"column":4},"end":{"line":34,"column":24}},"12":{"start":{"line":32,"column":0},"end":{"line":32,"column":13}},"13":{"start":{"line":40,"column":4},"end":{"line":40,"column":24}},"14":{"start":{"line":38,"column":0},"end":{"line":38,"column":13}}},"fnMap":{"0":{"name":"(anonymous_0)","decl":{"start":{"line":5,"column":2},"end":{"line":5,"column":14}},"loc":{"start":{"line":5,"column":55},"end":{"line":11,"column":3}}},"1":{"name":"(anonymous_1)","decl":{"start":{"line":15,"column":2},"end":{"line":15,"column":14}},"loc":{"start":{"line":15,"column":29},"end":{"line":17,"column":3}}},"2":{"name":"(anonymous_2)","decl":{"start":{"line":21,"column":2},"end":{"line":21,"column":14}},"loc":{"start":{"line":21,"column":57},"end":{"line":23,"column":3}}},"3":{"name":"(anonymous_3)","decl":{"start":{"line":27,"column":2},"end":{"line":27,"column":14}},"loc":{"start":{"line":27,"column":52},"end":{"line":29,"column":3}}},"4":{"name":"(anonymous_4)","decl":{"start":{"line":33,"column":2},"end":{"line":33,"column":14}},"loc":{"start":{"line":33,"column":53},"end":{"line":35,"column":3}}},"5":{"name":"(anonymous_5)","decl":{"start":{"line":39,"column":2},"end":{"line":39,"column":14}},"loc":{"start":{"line":39,"column":61},"end":{"line":41,"column":3}}}},"branchMap":{"0":{"loc":{"start":{"line":5,"column":31},"end":{"line":5,"column":55}},"type":"default-arg","locations":[{"start":{"line":5,"column":52},"end":{"line":5,"column":55}}]},"1":{"loc":{"start":{"line":21,"column":14},"end":{"line":21,"column":57}},"type":"default-arg","locations":[{"start":{"line":21,"column":32},"end":{"line":21,"column":57}}]},"2":{"loc":{"start":{"line":27,"column":14},"end":{"line":27,"column":52}},"type":"default-arg","locations":[{"start":{"line":27,"column":32},"end":{"line":27,"column":52}}]},"3":{"loc":{"start":{"line":33,"column":14},"end":{"line":33,"column":53}},"type":"default-arg","locations":[{"start":{"line":33,"column":32},"end":{"line":33,"column":53}}]},"4":{"loc":{"start":{"line":39,"column":14},"end":{"line":39,"column":61}},"type":"default-arg","locations":[{"start":{"line":39,"column":32},"end":{"line":39,"column":61}}]}},"s":{"0":1,"1":1,"2":1,"3":1,"4":1,"5":0,"6":1,"7":0,"8":1,"9":0,"10":1,"11":1,"12":1,"13":0,"14":1},"f":{"0":1,"1":0,"2":0,"3":0,"4":1,"5":0},"b":{"0":[0],"1":[0],"2":[0],"3":[0],"4":[0]}}
,"C:\\Users\\muxammadali.ergashev\\Documents\\Projects\\manufacture management system\\src\\utils\\jwt.ts": {"path":"C:\\Users\\muxammadali.ergashev\\Documents\\Projects\\manufacture management system\\src\\utils\\jwt.ts","statementMap":{"0":{"start":{"line":1,"column":0},"end":{"line":1,"column":31}},"1":{"start":{"line":9,"column":29},"end":{"line":17,"column":1}},"2":{"start":{"line":10,"column":17},"end":{"line":10,"column":59}},"3":{"start":{"line":12,"column":2},"end":{"line":16,"column":4}},"4":{"start":{"line":9,"column":13},"end":{"line":9,"column":29}},"5":{"start":{"line":19,"column":27},"end":{"line":22,"column":1}},"6":{"start":{"line":20,"column":17},"end":{"line":20,"column":59}},"7":{"start":{"line":21,"column":2},"end":{"line":21,"column":51}},"8":{"start":{"line":19,"column":13},"end":{"line":19,"column":27}}},"fnMap":{"0":{"name":"(anonymous_1)","decl":{"start":{"line":9,"column":29},"end":{"line":9,"column":30}},"loc":{"start":{"line":9,"column":63},"end":{"line":17,"column":1}}},"1":{"name":"(anonymous_2)","decl":{"start":{"line":19,"column":27},"end":{"line":19,"column":28}},"loc":{"start":{"line":19,"column":59},"end":{"line":22,"column":1}}}},"branchMap":{"0":{"loc":{"start":{"line":10,"column":17},"end":{"line":10,"column":59}},"type":"binary-expr","locations":[{"start":{"line":10,"column":17},"end":{"line":10,"column":39}},{"start":{"line":10,"column":43},"end":{"line":10,"column":59}}]},"1":{"loc":{"start":{"line":20,"column":17},"end":{"line":20,"column":59}},"type":"binary-expr","locations":[{"start":{"line":20,"column":17},"end":{"line":20,"column":39}},{"start":{"line":20,"column":43},"end":{"line":20,"column":59}}]}},"s":{"0":1,"1":1,"2":4,"3":4,"4":1,"5":1,"6":5,"7":5,"8":1},"f":{"0":4,"1":5},"b":{"0":[4,0],"1":[5,0]}}
,"C:\\Users\\muxammadali.ergashev\\Documents\\Projects\\manufacture management system\\src\\utils\\logger.ts": {"path":"C:\\Users\\muxammadali.ergashev\\Documents\\Projects\\manufacture management system\\src\\utils\\logger.ts","statementMap":{"0":{"start":{"line":1,"column":0},"end":{"line":1,"column":30}},"1":{"start":{"line":2,"column":0},"end":{"line":2,"column":24}},"2":{"start":{"line":5,"column":16},"end":{"line":5,"column":50}},"3":{"start":{"line":8,"column":15},"end":{"line":32,"column":2}},"4":{"start":{"line":35,"column":0},"end":{"line":44,"column":1}},"5":{"start":{"line":36,"column":2},"end":{"line":43,"column":4}},"6":{"start":{"line":46,"column":0},"end":{"line":46,"column":22}}},"fnMap":{},"branchMap":{"0":{"loc":{"start":{"line":9,"column":9},"end":{"line":9,"column":65}},"type":"cond-expr","locations":[{"start":{"line":9,"column":49},"end":{"line":9,"column":55}},{"start":{"line":9,"column":58},"end":{"line":9,"column":65}}]},"1":{"loc":{"start":{"line":35,"column":0},"end":{"line":44,"column":1}},"type":"if","locations":[{"start":{"line":35,"column":0},"end":{"line":44,"column":1}},{"start":{},"end":{}}]}},"s":{"0":0,"1":0,"2":0,"3":0,"4":0,"5":0,"6":0},"f":{},"b":{"0":[0,0],"1":[0,0]}}
,"C:\\Users\\muxammadali.ergashev\\Documents\\Projects\\manufacture management system\\src\\utils\\notificationHelper.ts": {"path":"C:\\Users\\muxammadali.ergashev\\Documents\\Projects\\manufacture management system\\src\\utils\\notificationHelper.ts","statementMap":{"0":{"start":{"line":1,"column":0},"end":{"line":1,"column":64}},"1":{"start":{"line":3,"column":15},"end":{"line":3,"column":33}},"2":{"start":{"line":15,"column":34},"end":{"line":25,"column":1}},"3":{"start":{"line":16,"column":2},"end":{"line":24,"column":3}},"4":{"start":{"line":17,"column":25},"end":{"line":19,"column":6}},"5":{"start":{"line":20,"column":4},"end":{"line":20,"column":24}},"6":{"start":{"line":22,"column":4},"end":{"line":22,"column":58}},"7":{"start":{"line":23,"column":4},"end":{"line":23,"column":16}},"8":{"start":{"line":15,"column":13},"end":{"line":15,"column":34}},"9":{"start":{"line":28,"column":39},"end":{"line":47,"column":1}},"10":{"start":{"line":32,"column":2},"end":{"line":46,"column":3}},"11":{"start":{"line":33,"column":26},"end":{"line":36,"column":7}},"12":{"start":{"line":33,"column":51},"end":{"line":36,"column":6}},"13":{"start":{"line":38,"column":19},"end":{"line":40,"column":6}},"14":{"start":{"line":42,"column":4},"end":{"line":42,"column":18}},"15":{"start":{"line":44,"column":4},"end":{"line":44,"column":63}},"16":{"start":{"line":45,"column":4},"end":{"line":45,"column":16}},"17":{"start":{"line":28,"column":13},"end":{"line":28,"column":39}},"18":{"start":{"line":50,"column":39},"end":{"line":65,"column":1}},"19":{"start":{"line":57,"column":2},"end":{"line":64,"column":5}},"20":{"start":{"line":50,"column":13},"end":{"line":50,"column":39}},"21":{"start":{"line":68,"column":37},"end":{"line":88,"column":1}},"22":{"start":{"line":73,"column":23},"end":{"line":79,"column":4}},"23":{"start":{"line":81,"column":18},"end":{"line":81,"column":47}},"24":{"start":{"line":81,"column":42},"end":{"line":81,"column":46}},"25":{"start":{"line":83,"column":2},"end":{"line":87,"column":5}},"26":{"start":{"line":68,"column":13},"end":{"line":68,"column":37}}},"fnMap":{"0":{"name":"(anonymous_0)","decl":{"start":{"line":15,"column":34},"end":{"line":15,"column":39}},"loc":{"start":{"line":15,"column":67},"end":{"line":25,"column":1}}},"1":{"name":"(anonymous_1)","decl":{"start":{"line":28,"column":39},"end":{"line":28,"column":44}},"loc":{"start":{"line":31,"column":4},"end":{"line":47,"column":1}}},"2":{"name":"(anonymous_2)","decl":{"start":{"line":33,"column":38},"end":{"line":33,"column":39}},"loc":{"start":{"line":33,"column":51},"end":{"line":36,"column":6}}},"3":{"name":"(anonymous_3)","decl":{"start":{"line":50,"column":39},"end":{"line":50,"column":44}},"loc":{"start":{"line":56,"column":4},"end":{"line":65,"column":1}}},"4":{"name":"(anonymous_4)","decl":{"start":{"line":68,"column":37},"end":{"line":68,"column":42}},"loc":{"start":{"line":72,"column":4},"end":{"line":88,"column":1}}},"5":{"name":"(anonymous_5)","decl":{"start":{"line":81,"column":35},"end":{"line":81,"column":36}},"loc":{"start":{"line":81,"column":42},"end":{"line":81,"column":46}}}},"branchMap":{"0":{"loc":{"start":{"line":71,"column":2},"end":{"line":71,"column":35}},"type":"default-arg","locations":[{"start":{"line":71,"column":27},"end":{"line":71,"column":35}}]}},"s":{"0":0,"1":0,"2":0,"3":0,"4":0,"5":0,"6":0,"7":0,"8":0,"9":0,"10":0,"11":0,"12":0,"13":0,"14":0,"15":0,"16":0,"17":0,"18":0,"19":0,"20":0,"21":0,"22":0,"23":0,"24":0,"25":0,"26":0},"f":{"0":0,"1":0,"2":0,"3":0,"4":0,"5":0},"b":{"0":[0]}}
,"C:\\Users\\muxammadali.ergashev\\Documents\\Projects\\manufacture management system\\src\\utils\\validators.ts": {"path":"C:\\Users\\muxammadali.ergashev\\Documents\\Projects\\manufacture management system\\src\\utils\\validators.ts","statementMap":{"0":{"start":{"line":1,"column":0},"end":{"line":1,"column":24}},"1":{"start":{"line":4,"column":13},"end":{"line":12,"column":3}},"2":{"start":{"line":15,"column":13},"end":{"line":23,"column":3}},"3":{"start":{"line":26,"column":13},"end":{"line":39,"column":3}},"4":{"start":{"line":42,"column":13},"end":{"line":55,"column":3}},"5":{"start":{"line":58,"column":13},"end":{"line":63,"column":3}}},"fnMap":{},"branchMap":{},"s":{"0":1,"1":1,"2":1,"3":1,"4":1,"5":1},"f":{},"b":{}}
}
