TN:
SF:src\bot\handlers\notificationHandler.ts
FN:8,(anonymous_1)
FN:27,(anonymous_2)
FN:38,(anonymous_3)
FN:65,(anonymous_4)
FN:101,(anonymous_5)
FNF:5
FNH:0
FNDA:0,(anonymous_1)
FNDA:0,(anonymous_2)
FNDA:0,(anonymous_3)
FNDA:0,(anonymous_4)
FNDA:0,(anonymous_5)
DA:2,0
DA:3,0
DA:5,0
DA:8,0
DA:13,0
DA:14,0
DA:22,0
DA:23,0
DA:24,0
DA:27,0
DA:29,0
DA:31,0
DA:38,0
DA:39,0
DA:40,0
DA:42,0
DA:43,0
DA:44,0
DA:47,0
DA:53,0
DA:59,0
DA:60,0
DA:65,0
DA:70,0
DA:71,0
DA:81,0
DA:93,0
DA:95,0
DA:96,0
DA:101,0
DA:106,0
DA:107,0
DA:113,0
DA:121,0
DA:123,0
DA:124,0
LF:36
LH:0
BRDA:22,0,0,0
BRDA:22,0,1,0
BRDA:39,1,0,0
BRDA:39,1,1,0
BRDA:40,2,0,0
BRDA:40,2,1,0
BRF:6
BRH:0
end_of_record
TN:
SF:src\bot\handlers\orderHandler.ts
FN:20,(anonymous_1)
FN:41,(anonymous_2)
FN:69,(anonymous_3)
FN:123,(anonymous_4)
FN:146,(anonymous_5)
FN:152,(anonymous_6)
FN:152,(anonymous_7)
FN:153,(anonymous_8)
FN:184,(anonymous_9)
FN:209,(anonymous_10)
FN:241,(anonymous_11)
FN:267,(anonymous_12)
FN:306,(anonymous_13)
FN:332,(anonymous_14)
FN:347,(anonymous_15)
FN:352,(anonymous_16)
FN:392,(anonymous_17)
FNF:17
FNH:0
FNDA:0,(anonymous_1)
FNDA:0,(anonymous_2)
FNDA:0,(anonymous_3)
FNDA:0,(anonymous_4)
FNDA:0,(anonymous_5)
FNDA:0,(anonymous_6)
FNDA:0,(anonymous_7)
FNDA:0,(anonymous_8)
FNDA:0,(anonymous_9)
FNDA:0,(anonymous_10)
FNDA:0,(anonymous_11)
FNDA:0,(anonymous_12)
FNDA:0,(anonymous_13)
FNDA:0,(anonymous_14)
FNDA:0,(anonymous_15)
FNDA:0,(anonymous_16)
FNDA:0,(anonymous_17)
DA:2,0
DA:3,0
DA:5,0
DA:17,0
DA:20,0
DA:21,0
DA:23,0
DA:28,0
DA:29,0
DA:30,0
DA:34,0
DA:41,0
DA:48,0
DA:49,0
DA:51,0
DA:63,0
DA:64,0
DA:69,0
DA:75,0
DA:76,0
DA:77,0
DA:78,0
DA:79,0
DA:83,0
DA:87,0
DA:88,0
DA:89,0
DA:93,0
DA:94,0
DA:100,0
DA:115,0
DA:117,0
DA:118,0
DA:123,0
DA:128,0
DA:129,0
DA:130,0
DA:131,0
DA:135,0
DA:136,0
DA:139,0
DA:145,0
DA:146,0
DA:147,0
DA:151,0
DA:152,0
DA:153,0
DA:160,0
DA:161,0
DA:163,0
DA:164,0
DA:166,0
DA:178,0
DA:179,0
DA:184,0
DA:185,0
DA:186,0
DA:187,0
DA:188,0
DA:189,0
DA:193,0
DA:200,0
DA:201,0
DA:203,0
DA:204,0
DA:209,0
DA:210,0
DA:211,0
DA:212,0
DA:213,0
DA:217,0
DA:218,0
DA:219,0
DA:220,0
DA:223,0
DA:224,0
DA:225,0
DA:227,0
DA:230,0
DA:233,0
DA:235,0
DA:236,0
DA:241,0
DA:246,0
DA:248,0
DA:249,0
DA:250,0
DA:251,0
DA:252,0
DA:255,0
DA:258,0
DA:267,0
DA:286,0
DA:296,0
DA:306,0
DA:307,0
DA:310,0
DA:322,0
DA:324,0
DA:326,0
DA:327,0
DA:332,0
DA:333,0
DA:334,0
DA:347,0
DA:348,0
DA:352,0
DA:353,0
DA:355,0
DA:356,0
DA:357,0
DA:360,0
DA:375,0
DA:376,0
DA:377,0
DA:380,0
DA:382,0
DA:392,0
DA:393,0
DA:395,0
DA:396,0
DA:397,0
DA:398,0
DA:401,0
DA:409,0
DA:410,0
LF:126
LH:0
BRDA:28,0,0,0
BRDA:28,0,1,0
BRDA:77,1,0,0
BRDA:77,1,1,0
BRDA:87,2,0,0
BRDA:87,2,1,0
BRDA:130,3,0,0
BRDA:130,3,1,0
BRDA:130,4,0,0
BRDA:130,4,1,0
BRDA:187,5,0,0
BRDA:187,5,1,0
BRDA:187,6,0,0
BRDA:187,6,1,0
BRDA:212,7,0,0
BRDA:212,7,1,0
BRDA:212,8,0,0
BRDA:212,8,1,0
BRDA:218,9,0,0
BRDA:218,9,1,0
BRDA:223,10,0,0
BRDA:223,10,1,0
BRDA:355,11,0,0
BRDA:355,11,1,0
BRDA:375,12,0,0
BRDA:375,12,1,0
BRDA:393,13,0,0
BRDA:393,13,1,0
BRF:28
BRH:0
end_of_record
TN:
SF:src\bot\handlers\producerHandler.ts
FN:9,handleViewOrders
FN:67,(anonymous_2)
FN:82,(anonymous_3)
FN:106,handleViewOrderDetail
FN:137,(anonymous_5)
FN:182,handleChangeStatus
FN:213,(anonymous_7)
FN:214,(anonymous_8)
FN:238,handleSetStatus
FN:305,handleChangeQuantities
FN:327,(anonymous_11)
FN:336,(anonymous_12)
FN:361,handleDailySummary
FN:396,(anonymous_14)
FN:397,(anonymous_15)
FN:421,(anonymous_16)
FN:437,handleReportMenu
FN:461,handleReportToday
FN:467,handleReportYesterday
FN:474,getStatusEmoji
FN:487,translateStatus
FN:500,formatDate
FN:508,handleDeleteItem
FN:561,handleConfirmDeleteItem
FN:622,handleDeleteOrder
FN:671,handleConfirmDeleteOrder
FNF:26
FNH:0
FNDA:0,handleViewOrders
FNDA:0,(anonymous_2)
FNDA:0,(anonymous_3)
FNDA:0,handleViewOrderDetail
FNDA:0,(anonymous_5)
FNDA:0,handleChangeStatus
FNDA:0,(anonymous_7)
FNDA:0,(anonymous_8)
FNDA:0,handleSetStatus
FNDA:0,handleChangeQuantities
FNDA:0,(anonymous_11)
FNDA:0,(anonymous_12)
FNDA:0,handleDailySummary
FNDA:0,(anonymous_14)
FNDA:0,(anonymous_15)
FNDA:0,(anonymous_16)
FNDA:0,handleReportMenu
FNDA:0,handleReportToday
FNDA:0,handleReportYesterday
FNDA:0,getStatusEmoji
FNDA:0,translateStatus
FNDA:0,formatDate
FNDA:0,handleDeleteItem
FNDA:0,handleConfirmDeleteItem
FNDA:0,handleDeleteOrder
FNDA:0,handleConfirmDeleteOrder
DA:2,0
DA:3,0
DA:6,0
DA:9,0
DA:10,0
DA:11,0
DA:13,0
DA:15,0
DA:16,0
DA:17,0
DA:18,0
DA:19,0
DA:21,0
DA:30,0
DA:31,0
DA:36,0
DA:37,0
DA:44,0
DA:60,0
DA:61,0
DA:62,0
DA:65,0
DA:67,0
DA:68,0
DA:69,0
DA:70,0
DA:72,0
DA:73,0
DA:74,0
DA:75,0
DA:76,0
DA:80,0
DA:82,0
DA:83,0
DA:91,0
DA:93,0
DA:100,0
DA:101,0
DA:106,0
DA:107,0
DA:108,0
DA:120,0
DA:121,0
DA:122,0
DA:125,0
DA:126,0
DA:128,0
DA:129,0
DA:130,0
DA:131,0
DA:132,0
DA:133,0
DA:135,0
DA:137,0
DA:138,0
DA:139,0
DA:140,0
DA:142,0
DA:143,0
DA:144,0
DA:146,0
DA:149,0
DA:150,0
DA:154,0
DA:169,0
DA:176,0
DA:177,0
DA:182,0
DA:183,0
DA:184,0
DA:188,0
DA:189,0
DA:190,0
DA:193,0
DA:194,0
DA:200,0
DA:210,0
DA:212,0
DA:213,0
DA:215,0
DA:223,0
DA:225,0
DA:232,0
DA:233,0
DA:238,0
DA:245,0
DA:246,0
DA:251,0
DA:252,0
DA:253,0
DA:256,0
DA:259,0
DA:265,0
DA:275,0
DA:286,0
DA:290,0
DA:297,0
DA:299,0
DA:300,0
DA:305,0
DA:306,0
DA:307,0
DA:318,0
DA:319,0
DA:320,0
DA:323,0
DA:324,0
DA:325,0
DA:327,0
DA:328,0
DA:329,0
DA:330,0
DA:334,0
DA:336,0
DA:337,0
DA:338,0
DA:346,0
DA:348,0
DA:355,0
DA:356,0
DA:361,0
DA:362,0
DA:363,0
DA:364,0
DA:365,0
DA:366,0
DA:367,0
DA:369,0
DA:388,0
DA:389,0
DA:390,0
DA:394,0
DA:396,0
DA:397,0
DA:398,0
DA:399,0
DA:401,0
DA:402,0
DA:411,0
DA:412,0
DA:416,0
DA:417,0
DA:418,0
DA:419,0
DA:421,0
DA:422,0
DA:423,0
DA:424,0
DA:427,0
DA:431,0
DA:432,0
DA:437,0
DA:438,0
DA:439,0
DA:441,0
DA:448,0
DA:455,0
DA:456,0
DA:461,0
DA:462,0
DA:463,0
DA:467,0
DA:468,0
DA:469,0
DA:470,0
DA:475,0
DA:484,0
DA:488,0
DA:497,0
DA:501,0
DA:508,0
DA:509,0
DA:510,0
DA:523,0
DA:524,0
DA:525,0
DA:529,0
DA:530,0
DA:531,0
DA:535,0
DA:541,0
DA:548,0
DA:555,0
DA:556,0
DA:561,0
DA:562,0
DA:563,0
DA:575,0
DA:576,0
DA:577,0
DA:580,0
DA:581,0
DA:582,0
DA:585,0
DA:590,0
DA:602,0
DA:607,0
DA:614,0
DA:616,0
DA:617,0
DA:622,0
DA:623,0
DA:624,0
DA:636,0
DA:637,0
DA:638,0
DA:641,0
DA:643,0
DA:644,0
DA:645,0
DA:646,0
DA:647,0
DA:648,0
DA:649,0
DA:651,0
DA:658,0
DA:665,0
DA:666,0
DA:671,0
DA:672,0
DA:673,0
DA:680,0
DA:681,0
DA:682,0
DA:685,0
DA:686,0
DA:689,0
DA:693,0
DA:698,0
DA:703,0
DA:715,0
DA:719,0
DA:726,0
DA:728,0
DA:729,0
LF:235
LH:0
BRDA:13,0,0,0
BRDA:13,0,1,0
BRDA:30,1,0,0
BRDA:30,1,1,0
BRDA:36,2,0,0
BRDA:36,2,1,0
BRDA:60,3,0,0
BRDA:60,3,1,0
BRDA:70,4,0,0
BRDA:70,4,1,0
BRDA:120,5,0,0
BRDA:120,5,1,0
BRDA:126,6,0,0
BRDA:126,6,1,0
BRDA:138,7,0,0
BRDA:138,7,1,0
BRDA:142,8,0,0
BRDA:142,8,1,0
BRDA:142,9,0,0
BRDA:142,9,1,0
BRDA:144,10,0,0
BRDA:144,10,1,0
BRDA:149,11,0,0
BRDA:149,11,1,0
BRDA:188,12,0,0
BRDA:188,12,1,0
BRDA:251,13,0,0
BRDA:251,13,1,0
BRDA:318,14,0,0
BRDA:318,14,1,0
BRDA:328,15,0,0
BRDA:328,15,1,0
BRDA:337,16,0,0
BRDA:337,16,1,0
BRDA:363,17,0,0
BRDA:363,17,1,0
BRDA:388,18,0,0
BRDA:388,18,1,0
BRDA:398,19,0,0
BRDA:398,19,1,0
BRDA:401,20,0,0
BRDA:401,20,1,0
BRDA:484,21,0,0
BRDA:484,21,1,0
BRDA:497,22,0,0
BRDA:497,22,1,0
BRDA:523,23,0,0
BRDA:523,23,1,0
BRDA:529,24,0,0
BRDA:529,24,1,0
BRDA:538,25,0,0
BRDA:538,25,1,0
BRDA:575,26,0,0
BRDA:575,26,1,0
BRDA:636,27,0,0
BRDA:636,27,1,0
BRDA:641,28,0,0
BRDA:641,28,1,0
BRDA:680,29,0,0
BRDA:680,29,1,0
BRF:60
BRH:0
end_of_record
TN:
SF:src\bot\utils\messages.ts
FN:4,(anonymous_0)
FNF:1
FNH:0
FNDA:0,(anonymous_0)
DA:3,0
DA:4,0
LF:2
LH:0
BRF:0
BRH:0
end_of_record
TN:
SF:src\bot\utils\userManager.ts
FN:14,(anonymous_1)
FN:27,(anonymous_2)
FN:58,(anonymous_3)
FN:64,(anonymous_4)
FN:77,(anonymous_5)
FN:91,(anonymous_6)
FNF:6
FNH:0
FNDA:0,(anonymous_1)
FNDA:0,(anonymous_2)
FNDA:0,(anonymous_3)
FNDA:0,(anonymous_4)
FNDA:0,(anonymous_5)
FNDA:0,(anonymous_6)
DA:1,0
DA:2,0
DA:4,0
DA:14,0
DA:15,0
DA:16,0
DA:19,0
DA:21,0
DA:22,0
DA:27,0
DA:35,0
DA:36,0
DA:38,0
DA:49,0
DA:50,0
DA:52,0
DA:53,0
DA:58,0
DA:59,0
DA:60,0
DA:64,0
DA:65,0
DA:66,0
DA:69,0
DA:71,0
DA:72,0
DA:77,0
DA:78,0
DA:79,0
DA:83,0
DA:85,0
DA:86,0
DA:91,0
DA:92,0
DA:93,0
DA:105,0
DA:107,0
DA:108,0
LF:38
LH:0
BRDA:36,0,0,0
BRDA:36,0,1,0
BRDA:69,1,0,0
BRDA:69,1,1,0
BRDA:83,2,0,0
BRDA:83,2,1,0
BRF:6
BRH:0
end_of_record
TN:
SF:src\controllers\authController.ts
FN:12,(anonymous_1)
FN:69,(anonymous_2)
FNF:2
FNH:2
FNDA:4,(anonymous_1)
FNDA:4,(anonymous_2)
DA:2,1
DA:3,1
DA:4,1
DA:5,1
DA:6,1
DA:8,1
DA:11,1
DA:13,4
DA:15,4
DA:16,0
DA:20,4
DA:33,4
DA:34,1
DA:37,3
DA:38,1
DA:42,2
DA:48,2
DA:50,2
DA:68,1
DA:70,4
DA:71,0
DA:74,4
LF:22
LH:20
BRDA:15,0,0,0
BRDA:15,0,1,4
BRDA:33,1,0,1
BRDA:33,1,1,3
BRDA:37,2,0,1
BRDA:37,2,1,2
BRDA:70,3,0,0
BRDA:70,3,1,4
BRF:8
BRH:6
end_of_record
TN:
SF:src\controllers\notificationController.ts
FN:11,(anonymous_1)
FN:44,(anonymous_2)
FN:70,(anonymous_3)
FN:101,(anonymous_4)
FN:124,(anonymous_5)
FN:153,(anonymous_6)
FNF:6
FNH:3
FNDA:4,(anonymous_1)
FNDA:0,(anonymous_2)
FNDA:3,(anonymous_3)
FNDA:0,(anonymous_4)
FNDA:3,(anonymous_5)
FNDA:0,(anonymous_6)
DA:2,1
DA:3,1
DA:4,1
DA:5,1
DA:7,1
DA:10,1
DA:12,4
DA:13,4
DA:15,4
DA:24,4
DA:31,4
DA:43,1
DA:45,0
DA:46,0
DA:48,0
DA:52,0
DA:53,0
DA:57,0
DA:58,0
DA:61,0
DA:69,1
DA:71,3
DA:72,3
DA:74,3
DA:78,3
DA:79,1
DA:82,2
DA:83,1
DA:86,1
DA:91,1
DA:100,1
DA:102,0
DA:104,0
DA:112,0
DA:114,0
DA:123,1
DA:125,3
DA:126,3
DA:128,3
DA:132,3
DA:133,1
DA:136,2
DA:137,1
DA:140,1
DA:144,1
DA:152,1
DA:154,0
DA:156,0
DA:160,0
DA:162,0
LF:50
LH:34
BRDA:13,0,0,4
BRDA:18,1,0,4
BRDA:18,1,1,1
BRDA:52,2,0,0
BRDA:52,2,1,0
BRDA:57,3,0,0
BRDA:57,3,1,0
BRDA:78,4,0,1
BRDA:78,4,1,2
BRDA:82,5,0,1
BRDA:82,5,1,1
BRDA:132,6,0,1
BRDA:132,6,1,2
BRDA:136,7,0,1
BRDA:136,7,1,1
BRF:15
BRH:11
end_of_record
TN:
SF:src\controllers\orderController.ts
FN:10,(anonymous_1)
FN:21,(anonymous_2)
FN:79,(anonymous_3)
FN:138,(anonymous_4)
FN:166,(anonymous_5)
FN:206,(anonymous_6)
FN:258,(anonymous_7)
FN:307,(anonymous_8)
FN:344,(anonymous_9)
FN:368,(anonymous_10)
FN:411,(anonymous_11)
FNF:11
FNH:10
FNDA:1,(anonymous_1)
FNDA:5,(anonymous_2)
FNDA:4,(anonymous_3)
FNDA:2,(anonymous_4)
FNDA:1,(anonymous_5)
FNDA:2,(anonymous_6)
FNDA:1,(anonymous_7)
FNDA:2,(anonymous_8)
FNDA:1,(anonymous_9)
FNDA:1,(anonymous_10)
FNDA:0,(anonymous_11)
DA:2,2
DA:3,2
DA:4,2
DA:5,2
DA:7,2
DA:10,2
DA:11,1
DA:12,1
DA:13,1
DA:14,1
DA:15,1
DA:16,1
DA:20,2
DA:22,5
DA:23,5
DA:26,5
DA:36,5
DA:37,5
DA:40,5
DA:67,5
DA:78,2
DA:80,4
DA:81,4
DA:83,4
DA:120,4
DA:121,2
DA:125,2
DA:126,0
DA:129,2
DA:137,2
DA:139,2
DA:140,2
DA:143,2
DA:145,2
DA:146,0
DA:149,2
DA:150,1
DA:154,1
DA:157,1
DA:166,1
DA:185,1
DA:194,1
DA:196,1
DA:205,2
DA:207,2
DA:208,2
DA:209,2
DA:211,2
DA:215,2
DA:216,1
DA:220,1
DA:221,1
DA:222,0
DA:224,1
DA:225,0
DA:230,1
DA:246,1
DA:248,1
DA:257,2
DA:259,1
DA:260,1
DA:261,1
DA:263,1
DA:267,1
DA:268,0
DA:272,1
DA:286,1
DA:295,1
DA:297,1
DA:306,2
DA:308,2
DA:309,2
DA:311,2
DA:315,2
DA:316,0
DA:320,2
DA:321,1
DA:325,1
DA:326,0
DA:329,1
DA:333,1
DA:335,1
DA:343,2
DA:345,1
DA:346,1
DA:347,1
DA:350,1
DA:364,1
DA:365,0
DA:368,1
DA:369,1
DA:370,0
DA:374,1
DA:386,1
DA:397,1
DA:401,1
DA:410,2
DA:412,0
DA:413,0
DA:415,0
DA:426,0
DA:427,0
DA:431,0
DA:432,0
DA:435,0
LF:105
LH:88
BRDA:27,0,0,5
BRDA:27,0,1,2
BRDA:28,1,0,5
BRDA:28,1,1,1
BRDA:28,1,2,1
BRDA:36,2,0,5
BRDA:36,2,1,0
BRDA:120,3,0,2
BRDA:120,3,1,2
BRDA:125,4,0,0
BRDA:125,4,1,2
BRDA:125,5,0,2
BRDA:125,5,1,2
BRDA:143,6,0,2
BRDA:143,6,1,0
BRDA:145,7,0,0
BRDA:145,7,1,2
BRDA:149,8,0,1
BRDA:149,8,1,1
BRDA:149,9,0,2
BRDA:149,9,1,2
BRDA:215,10,0,1
BRDA:215,10,1,1
BRDA:220,11,0,1
BRDA:220,11,1,0
BRDA:221,12,0,0
BRDA:221,12,1,1
BRDA:224,13,0,0
BRDA:224,13,1,1
BRDA:233,14,0,1
BRDA:233,14,1,1
BRDA:234,15,0,1
BRDA:234,15,1,1
BRDA:235,16,0,1
BRDA:235,16,1,1
BRDA:267,17,0,0
BRDA:267,17,1,1
BRDA:291,18,0,1
BRDA:291,18,1,0
BRDA:315,19,0,0
BRDA:315,19,1,2
BRDA:320,20,0,1
BRDA:320,20,1,1
BRDA:325,21,0,0
BRDA:325,21,1,1
BRDA:325,22,0,1
BRDA:325,22,1,1
BRDA:364,23,0,0
BRDA:364,23,1,1
BRDA:369,24,0,0
BRDA:369,24,1,1
BRDA:426,25,0,0
BRDA:426,25,1,0
BRDA:431,26,0,0
BRDA:431,26,1,0
BRDA:431,27,0,0
BRDA:431,27,1,0
BRF:57
BRH:38
end_of_record
TN:
SF:src\controllers\productController.ts
FN:11,(anonymous_1)
FN:33,(anonymous_2)
FN:53,(anonymous_3)
FN:87,(anonymous_4)
FN:135,(anonymous_5)
FNF:5
FNH:5
FNDA:2,(anonymous_1)
FNDA:2,(anonymous_2)
FNDA:2,(anonymous_3)
FNDA:2,(anonymous_4)
FNDA:2,(anonymous_5)
DA:2,1
DA:3,1
DA:4,1
DA:5,1
DA:7,1
DA:10,1
DA:12,2
DA:14,2
DA:21,2
DA:32,1
DA:34,2
DA:36,2
DA:40,2
DA:41,1
DA:44,1
DA:52,1
DA:54,2
DA:57,2
DA:61,2
DA:62,1
DA:65,1
DA:75,1
DA:77,1
DA:86,1
DA:88,2
DA:89,2
DA:92,2
DA:96,2
DA:97,1
DA:101,1
DA:102,0
DA:106,0
DA:107,0
DA:111,1
DA:123,1
DA:125,1
DA:134,1
DA:136,2
DA:138,2
DA:142,2
DA:143,1
DA:146,1
DA:150,1
DA:152,1
LF:44
LH:41
BRDA:16,0,0,2
BRDA:16,0,1,0
BRDA:40,1,0,1
BRDA:40,1,1,1
BRDA:61,2,0,1
BRDA:61,2,1,1
BRDA:96,3,0,1
BRDA:96,3,1,1
BRDA:101,4,0,0
BRDA:101,4,1,1
BRDA:101,5,0,1
BRDA:101,5,1,0
BRDA:106,6,0,0
BRDA:106,6,1,0
BRDA:114,7,0,1
BRDA:114,7,1,1
BRDA:115,8,0,1
BRDA:115,8,1,0
BRDA:116,9,0,1
BRDA:116,9,1,0
BRDA:117,10,0,1
BRDA:117,10,1,1
BRDA:118,11,0,1
BRDA:118,11,1,0
BRDA:119,12,0,1
BRDA:119,12,1,0
BRDA:142,13,0,1
BRDA:142,13,1,1
BRF:28
BRH:19
end_of_record
TN:
SF:src\controllers\productionController.ts
FN:10,(anonymous_1)
FN:21,(anonymous_2)
FN:63,(anonymous_3)
FN:90,(anonymous_4)
FN:102,(anonymous_5)
FN:121,(anonymous_6)
FN:148,(anonymous_7)
FN:199,(anonymous_8)
FN:231,(anonymous_9)
FN:232,(anonymous_10)
FNF:10
FNH:10
FNDA:1,(anonymous_1)
FNDA:1,(anonymous_2)
FNDA:2,(anonymous_3)
FNDA:1,(anonymous_4)
FNDA:1,(anonymous_5)
FNDA:1,(anonymous_6)
FNDA:2,(anonymous_7)
FNDA:4,(anonymous_8)
FNDA:3,(anonymous_9)
FNDA:4,(anonymous_10)
DA:2,1
DA:3,1
DA:4,1
DA:5,1
DA:7,1
DA:10,1
DA:11,1
DA:12,1
DA:13,1
DA:14,1
DA:15,1
DA:16,1
DA:20,1
DA:22,1
DA:24,1
DA:51,1
DA:62,1
DA:64,2
DA:66,2
DA:77,2
DA:78,1
DA:81,1
DA:89,1
DA:91,1
DA:92,1
DA:94,1
DA:95,0
DA:98,1
DA:101,1
DA:102,1
DA:106,1
DA:107,0
DA:112,1
DA:121,1
DA:136,1
DA:138,1
DA:147,1
DA:149,2
DA:150,2
DA:151,2
DA:153,2
DA:158,2
DA:159,1
DA:163,1
DA:164,0
DA:165,0
DA:172,1
DA:187,1
DA:189,1
DA:198,1
DA:200,4
DA:202,4
DA:203,1
DA:206,3
DA:209,3
DA:229,3
DA:231,3
DA:232,3
DA:233,4
DA:234,4
DA:236,4
DA:237,3
DA:247,4
DA:248,4
DA:252,3
DA:254,3
LF:66
LH:62
BRDA:26,0,0,1
BRDA:26,0,1,0
BRDA:27,1,0,1
BRDA:27,1,1,0
BRDA:27,1,2,0
BRDA:77,2,0,1
BRDA:77,2,1,1
BRDA:94,3,0,0
BRDA:94,3,1,1
BRDA:94,4,0,1
BRDA:94,4,1,1
BRDA:106,5,0,0
BRDA:106,5,1,1
BRDA:158,6,0,1
BRDA:158,6,1,1
BRDA:163,7,0,0
BRDA:163,7,1,1
BRDA:163,8,0,1
BRDA:163,8,1,0
BRDA:175,9,0,1
BRDA:175,9,1,1
BRDA:176,10,0,1
BRDA:176,10,1,1
BRDA:202,11,0,1
BRDA:202,11,1,3
BRDA:233,12,0,4
BRDA:233,12,1,3
BRDA:236,13,0,3
BRDA:236,13,1,1
BRF:29
BRH:22
end_of_record
TN:
SF:src\middleware\auth.ts
FN:30,(anonymous_1)
FN:86,(anonymous_2)
FN:127,(anonymous_3)
FN:128,(anonymous_4)
FNF:4
FNH:0
FNDA:0,(anonymous_1)
FNDA:0,(anonymous_2)
FNDA:0,(anonymous_3)
FNDA:0,(anonymous_4)
DA:2,0
DA:3,0
DA:4,0
DA:6,0
DA:30,0
DA:35,0
DA:37,0
DA:39,0
DA:40,0
DA:43,0
DA:46,0
DA:52,0
DA:63,0
DA:64,0
DA:67,0
DA:68,0
DA:72,0
DA:73,0
DA:75,0
DA:76,0
DA:77,0
DA:78,0
DA:80,0
DA:86,0
DA:91,0
DA:92,0
DA:94,0
DA:95,0
DA:99,0
DA:110,0
DA:111,0
DA:114,0
DA:115,0
DA:119,0
DA:120,0
DA:122,0
DA:127,0
DA:128,0
DA:129,0
DA:130,0
DA:133,0
DA:134,0
DA:139,0
LF:43
LH:0
BRDA:39,0,0,0
BRDA:39,0,1,0
BRDA:39,1,0,0
BRDA:39,1,1,0
BRDA:48,2,0,0
BRDA:48,2,1,0
BRDA:63,3,0,0
BRDA:63,3,1,0
BRDA:67,4,0,0
BRDA:67,4,1,0
BRDA:75,5,0,0
BRDA:75,5,1,0
BRDA:77,6,0,0
BRDA:77,6,1,0
BRDA:92,7,0,0
BRDA:92,7,1,0
BRDA:94,8,0,0
BRDA:94,8,1,0
BRDA:110,9,0,0
BRDA:110,9,1,0
BRDA:114,10,0,0
BRDA:114,10,1,0
BRDA:129,11,0,0
BRDA:129,11,1,0
BRDA:133,12,0,0
BRDA:133,12,1,0
BRF:26
BRH:0
end_of_record
TN:
SF:src\middleware\errorHandler.ts
FN:5,(anonymous_1)
FN:55,(anonymous_2)
FN:56,(anonymous_3)
FNF:3
FNH:2
FNDA:0,(anonymous_1)
FNDA:8,(anonymous_2)
FNDA:4,(anonymous_3)
DA:2,1
DA:3,1
DA:5,1
DA:12,0
DA:21,0
DA:22,0
DA:32,0
DA:33,0
DA:43,0
DA:55,1
DA:56,8
DA:57,4
LF:12
LH:6
BRDA:21,0,0,0
BRDA:21,0,1,0
BRDA:32,1,0,0
BRDA:32,1,1,0
BRDA:46,2,0,0
BRDA:46,2,1,0
BRF:6
BRH:0
end_of_record
TN:
SF:src\middleware\validate.ts
FN:4,(anonymous_0)
FN:5,(anonymous_1)
FN:15,(anonymous_2)
FNF:3
FNH:3
FNDA:3,(anonymous_0)
FNDA:2,(anonymous_1)
FNDA:8,(anonymous_2)
DA:2,1
DA:4,1
DA:5,3
DA:6,2
DA:7,2
DA:12,0
DA:14,2
DA:15,8
DA:20,2
DA:29,0
LF:10
LH:8
BRDA:14,0,0,2
BRDA:14,0,1,0
BRF:2
BRH:1
end_of_record
TN:
SF:src\routes\authRoutes.ts
FNF:0
FNH:0
DA:1,0
DA:2,0
DA:3,0
DA:5,0
DA:8,0
DA:11,0
DA:13,0
LF:7
LH:0
BRF:0
BRH:0
end_of_record
TN:
SF:src\routes\notificationRoutes.ts
FNF:0
FNH:0
DA:1,0
DA:2,0
DA:10,0
DA:12,0
DA:15,0
DA:18,0
DA:21,0
DA:24,0
DA:27,0
DA:30,0
DA:32,0
LF:11
LH:0
BRF:0
BRH:0
end_of_record
TN:
SF:src\routes\orderRoutes.ts
FNF:0
FNH:0
DA:1,1
DA:2,1
DA:12,1
DA:13,1
DA:14,1
DA:20,1
DA:23,1
DA:26,1
DA:29,1
DA:37,1
DA:40,1
DA:49,1
DA:52,1
DA:55,1
DA:63,1
LF:15
LH:15
BRF:0
BRH:0
end_of_record
TN:
SF:src\routes\productRoutes.ts
FNF:0
FNH:0
DA:1,0
DA:2,0
DA:9,0
DA:10,0
DA:11,0
DA:13,0
DA:16,0
DA:19,0
DA:22,0
DA:31,0
DA:39,0
DA:46,0
LF:12
LH:0
BRF:0
BRH:0
end_of_record
TN:
SF:src\routes\productionRoutes.ts
FNF:0
FNH:0
DA:1,0
DA:2,0
DA:9,0
DA:11,0
DA:14,0
DA:17,0
DA:20,0
DA:23,0
DA:26,0
DA:28,0
LF:10
LH:0
BRF:0
BRH:0
end_of_record
TN:
SF:src\utils\errors.ts
FN:5,(anonymous_0)
FN:15,(anonymous_1)
FN:21,(anonymous_2)
FN:27,(anonymous_3)
FN:33,(anonymous_4)
FN:39,(anonymous_5)
FNF:6
FNH:2
FNDA:1,(anonymous_0)
FNDA:0,(anonymous_1)
FNDA:0,(anonymous_2)
FNDA:0,(anonymous_3)
FNDA:1,(anonymous_4)
FNDA:0,(anonymous_5)
DA:1,1
DA:6,1
DA:7,1
DA:8,1
DA:10,1
DA:14,1
DA:16,0
DA:20,1
DA:22,0
DA:26,1
DA:28,0
DA:32,1
DA:34,1
DA:38,1
DA:40,0
LF:15
LH:11
BRDA:5,0,0,0
BRDA:21,1,0,0
BRDA:27,2,0,0
BRDA:33,3,0,0
BRDA:39,4,0,0
BRF:5
BRH:0
end_of_record
TN:
SF:src\utils\jwt.ts
FN:9,(anonymous_1)
FN:19,(anonymous_2)
FNF:2
FNH:2
FNDA:4,(anonymous_1)
FNDA:5,(anonymous_2)
DA:1,1
DA:9,1
DA:10,4
DA:12,4
DA:19,1
DA:20,5
DA:21,5
LF:7
LH:7
BRDA:10,0,0,4
BRDA:10,0,1,0
BRDA:20,1,0,5
BRDA:20,1,1,0
BRF:4
BRH:2
end_of_record
TN:
SF:src\utils\logger.ts
FNF:0
FNH:0
DA:1,0
DA:2,0
DA:5,0
DA:8,0
DA:35,0
DA:36,0
DA:46,0
LF:7
LH:0
BRDA:9,0,0,0
BRDA:9,0,1,0
BRDA:35,1,0,0
BRDA:35,1,1,0
BRF:4
BRH:0
end_of_record
TN:
SF:src\utils\notificationHelper.ts
FN:15,(anonymous_0)
FN:28,(anonymous_1)
FN:33,(anonymous_2)
FN:50,(anonymous_3)
FN:68,(anonymous_4)
FN:81,(anonymous_5)
FNF:6
FNH:0
FNDA:0,(anonymous_0)
FNDA:0,(anonymous_1)
FNDA:0,(anonymous_2)
FNDA:0,(anonymous_3)
FNDA:0,(anonymous_4)
FNDA:0,(anonymous_5)
DA:1,0
DA:3,0
DA:15,0
DA:16,0
DA:17,0
DA:20,0
DA:22,0
DA:23,0
DA:28,0
DA:32,0
DA:33,0
DA:38,0
DA:42,0
DA:44,0
DA:45,0
DA:50,0
DA:57,0
DA:68,0
DA:73,0
DA:81,0
DA:83,0
LF:21
LH:0
BRDA:71,0,0,0
BRF:1
BRH:0
end_of_record
TN:
SF:src\utils\validators.ts
FNF:0
FNH:0
DA:1,1
DA:4,1
DA:15,1
DA:26,1
DA:42,1
DA:58,1
LF:6
LH:6
BRF:0
BRH:0
end_of_record
